::1 - Sat May 10 2025 18:55:38 GMT+0800 (Philippine Standard Time) - GET / HTTP/1.1 - - - - - Mozilla/5.0 (Macintosh; Intel Mac OS X 10_15_7) AppleWebKit/537.36 (KHTML, like Gecko) Chrome/136.0.0.0 Safari/537.36
::1 - Sat May 10 2025 19:15:21 GMT+0800 (Philippine Standard Time) - GET / HTTP/1.1 - - - - - Mozilla/5.0 (Macintosh; Intel Mac OS X 10_15_7) AppleWebKit/537.36 (KHTML, like Gecko) Chrome/136.0.0.0 Safari/537.36
::1 - Sat May 10 2025 19:23:55 GMT+0800 (Philippine Standard Time) - GET / HTTP/1.1 - - - - - Mozilla/5.0 (Macintosh; Intel Mac OS X 10_15_7) AppleWebKit/537.36 (KHTML, like Gecko) Chrome/136.0.0.0 Safari/537.36
::1 - Sat May 10 2025 19:25:28 GMT+0800 (Philippine Standard Time) - GET / HTTP/1.1 - - - - - Mozilla/5.0 (Macintosh; Intel Mac OS X 10_15_7) AppleWebKit/537.36 (KHTML, like Gecko) Chrome/136.0.0.0 Safari/537.36
::1 - Sat May 10 2025 19:25:28 GMT+0800 (Philippine Standard Time) - GET /users HTTP/1.1 200 23 - 4 - Mozilla/5.0 (Macintosh; Intel Mac OS X 10_15_7) AppleWebKit/537.36 (KHTML, like Gecko) Chrome/136.0.0.0 Safari/537.36
::1 - Sat May 10 2025 19:25:28 GMT+0800 (Philippine Standard Time) - GET /.well-known/appspecific/com.chrome.devtools.json HTTP/1.1 404 35 - 1 - Mozilla/5.0 (Macintosh; Intel Mac OS X 10_15_7) AppleWebKit/537.36 (KHTML, like Gecko) Chrome/136.0.0.0 Safari/537.36
::1 - Sat May 10 2025 19:25:28 GMT+0800 (Philippine Standard Time) - GET /favicon.ico HTTP/1.1 200 - - 2 - Mozilla/5.0 (Macintosh; Intel Mac OS X 10_15_7) AppleWebKit/537.36 (KHTML, like Gecko) Chrome/136.0.0.0 Safari/537.36
::1 - Sat May 10 2025 19:27:17 GMT+0800 (Philippine Standard Time) - GET /users HTTP/1.1 500 31 - 5 - Mozilla/5.0 (Macintosh; Intel Mac OS X 10_15_7) AppleWebKit/537.36 (KHTML, like Gecko) Chrome/136.0.0.0 Safari/537.36
::1 - Sat May 10 2025 19:27:17 GMT+0800 (Philippine Standard Time) - GET /.well-known/appspecific/com.chrome.devtools.json HTTP/1.1 404 35 - 2 - Mozilla/5.0 (Macintosh; Intel Mac OS X 10_15_7) AppleWebKit/537.36 (KHTML, like Gecko) Chrome/136.0.0.0 Safari/537.36
::1 - Sat May 10 2025 19:27:35 GMT+0800 (Philippine Standard Time) - GET /users HTTP/1.1 500 129 - 12 - Mozilla/5.0 (Macintosh; Intel Mac OS X 10_15_7) AppleWebKit/537.36 (KHTML, like Gecko) Chrome/136.0.0.0 Safari/537.36
::1 - Sat May 10 2025 19:27:35 GMT+0800 (Philippine Standard Time) - GET /.well-known/appspecific/com.chrome.devtools.json HTTP/1.1 404 35 - 1 - Mozilla/5.0 (Macintosh; Intel Mac OS X 10_15_7) AppleWebKit/537.36 (KHTML, like Gecko) Chrome/136.0.0.0 Safari/537.36
::1 - Mon May 12 2025 13:00:11 GMT+0800 (Philippine Standard Time) - GET / HTTP/1.1 - - - - - PostmanRuntime/7.43.4
::1 - Mon May 12 2025 13:00:34 GMT+0800 (Philippine Standard Time) - GET / HTTP/1.1 - - - - - PostmanRuntime/7.43.4
::1 - Mon May 12 2025 13:00:35 GMT+0800 (Philippine Standard Time) - GET /users HTTP/1.1 500 129 - 21 - PostmanRuntime/7.43.4
::1 - Mon May 12 2025 13:39:31 GMT+0800 (Philippine Standard Time) - GET /users HTTP/1.1 500 129 - 9 - PostmanRuntime/7.43.4
::1 - Mon May 12 2025 14:12:07 GMT+0800 (Philippine Standard Time) - GET /users HTTP/1.1 404 35 - 3 - PostmanRuntime/7.43.4
::1 - Mon May 12 2025 14:12:15 GMT+0800 (Philippine Standard Time) - GET /api/v1users HTTP/1.1 404 35 - 4 - PostmanRuntime/7.43.4
::1 - Mon May 12 2025 14:12:21 GMT+0800 (Philippine Standard Time) - GET /api/v1/users HTTP/1.1 500 45 - 4 - PostmanRuntime/7.43.4
::1 - Mon May 12 2025 14:25:23 GMT+0800 (Philippine Standard Time) - GET /api/v1/userssdasd HTTP/1.1 404 35 - 4 - PostmanRuntime/7.43.4
::1 - Mon May 12 2025 14:25:31 GMT+0800 (Philippine Standard Time) - GET /api/v1/employees HTTP/1.1 200 129 - 10 - PostmanRuntime/7.43.4
::1 - Mon May 12 2025 14:26:28 GMT+0800 (Philippine Standard Time) - GET / HTTP/1.1 404 35 - 4 - PostmanRuntime/7.43.4
::1 - Mon May 12 2025 14:26:33 GMT+0800 (Philippine Standard Time) - GET /api/v1 HTTP/1.1 404 35 - 5 - PostmanRuntime/7.43.4
::1 - Mon May 12 2025 14:26:39 GMT+0800 (Philippine Standard Time) - GET /api/v1/employees HTTP/1.1 200 129 - 11 - PostmanRuntime/7.43.4
::1 - Mon May 12 2025 14:27:05 GMT+0800 (Philippine Standard Time) - POST /api/v1/employees HTTP/1.1 404 35 - 3 - PostmanRuntime/7.43.4
::1 - Mon May 12 2025 14:39:57 GMT+0800 (Philippine Standard Time) - GET /api/v1/employees/1 HTTP/1.1 500 49 - 10 - PostmanRuntime/7.43.4
::1 - Mon May 12 2025 14:41:03 GMT+0800 (Philippine Standard Time) - GET /api/v1/employees HTTP/1.1 200 129 - 7 - PostmanRuntime/7.43.4
::1 - Mon May 12 2025 14:41:19 GMT+0800 (Philippine Standard Time) - GET /api/v1/employees/1123 HTTP/1.1 500 49 - 9 - PostmanRuntime/7.43.4
::1 - Mon May 12 2025 14:42:41 GMT+0800 (Philippine Standard Time) - GET /api/v1/employees/1123 HTTP/1.1 500 30 - 7 - PostmanRuntime/7.43.4
::1 - Mon May 12 2025 14:42:53 GMT+0800 (Philippine Standard Time) - GET /api/v1/employees/12323adsa HTTP/1.1 200 65 - 10 - PostmanRuntime/7.43.4
::1 - Mon May 12 2025 14:43:04 GMT+0800 (Philippine Standard Time) - GET /api/v1/employees/2313asdasd HTTP/1.1 200 61 - 8 - PostmanRuntime/7.43.4
::1 - Mon May 12 2025 14:56:43 GMT+0800 (Philippine Standard Time) - GET /api/v1/employees HTTP/1.1 200 129 - 10 - PostmanRuntime/7.43.4
::1 - Mon May 12 2025 15:03:22 GMT+0800 (Philippine Standard Time) - DELETE /api/v1/employees/1123 HTTP/1.1 404 35 - 4 - PostmanRuntime/7.43.4
::1 - Mon May 12 2025 15:04:05 GMT+0800 (Philippine Standard Time) - DELETE /api/v1/employees/1123 HTTP/1.1 404 35 - 2 - PostmanRuntime/7.43.4
::1 - Mon May 12 2025 15:04:44 GMT+0800 (Philippine Standard Time) - DELETE /api/v1/employees/1123 HTTP/1.1 404 35 - 2 - PostmanRuntime/7.43.4
::1 - Mon May 12 2025 15:04:58 GMT+0800 (Philippine Standard Time) - DELETE /api/v1/employees/12323adsa HTTP/1.1 404 35 - 4 - PostmanRuntime/7.43.4
::1 - Mon May 12 2025 15:05:06 GMT+0800 (Philippine Standard Time) - GET /api/v1/employees/2313asdasd HTTP/1.1 200 61 - 10 - PostmanRuntime/7.43.4
::1 - Mon May 12 2025 15:05:09 GMT+0800 (Philippine Standard Time) - GET /api/v1/employees HTTP/1.1 200 129 - 8 - PostmanRuntime/7.43.4
::1 - Mon May 12 2025 15:05:18 GMT+0800 (Philippine Standard Time) - DELETE /api/v1/employees/12323adsa HTTP/1.1 404 35 - 4 - PostmanRuntime/7.43.4
::1 - Mon May 12 2025 15:06:06 GMT+0800 (Philippine Standard Time) - DELETE /api/v1/employees/123 HTTP/1.1 500 49 - 6 - PostmanRuntime/7.43.4
::1 - Mon May 12 2025 15:06:17 GMT+0800 (Philippine Standard Time) - DELETE /api/v1/employees/123 HTTP/1.1 200 17 - 9 - PostmanRuntime/7.43.4
::1 - Mon May 12 2025 15:07:34 GMT+0800 (Philippine Standard Time) - DELETE /api/v1/employees/123 HTTP/1.1 200 17 - 13 - PostmanRuntime/7.43.4
::1 - Mon May 12 2025 15:07:43 GMT+0800 (Philippine Standard Time) - DELETE /api/v1/employees/123 HTTP/1.1 200 17 - 10 - PostmanRuntime/7.43.4
::1 - Mon May 12 2025 15:13:19 GMT+0800 (Philippine Standard Time) - DELETE /api/v1/employees/123 HTTP/1.1 500 27 - 10 - PostmanRuntime/7.43.4
::1 - Mon May 12 2025 15:13:56 GMT+0800 (Philippine Standard Time) - DELETE /api/v1/employees/123 HTTP/1.1 500 30 - 9 - PostmanRuntime/7.43.4
::1 - Mon May 12 2025 15:14:07 GMT+0800 (Philippine Standard Time) - DELETE /api/v1/employees/12323adsa HTTP/1.1 200 16 - 12 - PostmanRuntime/7.43.4
::1 - Mon May 12 2025 15:14:12 GMT+0800 (Philippine Standard Time) - DELETE /api/v1/employees/12323adsa HTTP/1.1 500 30 - 4 - PostmanRuntime/7.43.4
::1 - Mon May 12 2025 15:14:14 GMT+0800 (Philippine Standard Time) - GET /api/v1/employees HTTP/1.1 200 63 - 5 - PostmanRuntime/7.43.4
::1 - Mon May 12 2025 15:14:20 GMT+0800 (Philippine Standard Time) - DELETE /api/v1/employees/2313asdasd HTTP/1.1 200 16 - 13 - PostmanRuntime/7.43.4
::1 - Mon May 12 2025 15:14:22 GMT+0800 (Philippine Standard Time) - DELETE /api/v1/employees/2313asdasd HTTP/1.1 500 30 - 4 - PostmanRuntime/7.43.4
::1 - Mon May 12 2025 15:14:25 GMT+0800 (Philippine Standard Time) - GET /api/v1/employees HTTP/1.1 200 2 - 5 - PostmanRuntime/7.43.4
::1 - Mon May 12 2025 15:32:04 GMT+0800 (Philippine Standard Time) - POST /api/v1/employees HTTP/1.1 201 42 - 16 - PostmanRuntime/7.43.4
::1 - Mon May 12 2025 15:32:12 GMT+0800 (Philippine Standard Time) - GET /api/v1/employees HTTP/1.1 200 216 - 7 - PostmanRuntime/7.43.4
::1 - Mon May 12 2025 15:32:32 GMT+0800 (Philippine Standard Time) - POST /api/v1/employees HTTP/1.1 500 53 - 13 - PostmanRuntime/7.43.4
::1 - Mon May 12 2025 15:32:37 GMT+0800 (Philippine Standard Time) - POST /api/v1/employees HTTP/1.1 201 42 - 6 - PostmanRuntime/7.43.4
::1 - Mon May 12 2025 15:33:08 GMT+0800 (Philippine Standard Time) - POST /api/v1/employees HTTP/1.1 201 45 - 16 - PostmanRuntime/7.43.4
::1 - Mon May 12 2025 15:33:41 GMT+0800 (Philippine Standard Time) - POST /api/v1/employees HTTP/1.1 201 52 - 14 - PostmanRuntime/7.43.4
::1 - Mon May 12 2025 15:33:43 GMT+0800 (Philippine Standard Time) - POST /api/v1/employees HTTP/1.1 201 52 - 4 - PostmanRuntime/7.43.4
::1 - Mon May 12 2025 15:43:32 GMT+0800 (Philippine Standard Time) - DELETE /api/v1/employees/2313asdasd HTTP/1.1 500 58 - 9 - PostmanRuntime/7.43.4
::1 - Mon May 12 2025 15:44:07 GMT+0800 (Philippine Standard Time) - DELETE /api/v1/employees/2313asdasd HTTP/1.1 500 58 - 8 - PostmanRuntime/7.43.4
::1 - Mon May 12 2025 15:44:12 GMT+0800 (Philippine Standard Time) - DELETE /api/v1/employees/23 HTTP/1.1 500 30 - 4 - PostmanRuntime/7.43.4
::1 - Mon May 12 2025 15:44:27 GMT+0800 (Philippine Standard Time) - GET /api/v1/employees HTTP/1.1 200 441 - 9 - PostmanRuntime/7.43.4
::1 - Mon May 12 2025 15:45:21 GMT+0800 (Philippine Standard Time) - PUT /api/v1/employees/6 HTTP/1.1 200 56 - 22 - PostmanRuntime/7.43.4
::1 - Mon May 12 2025 15:45:31 GMT+0800 (Philippine Standard Time) - GET /api/v1/employees HTTP/1.1 200 441 - 8 - PostmanRuntime/7.43.4
::1 - Mon May 12 2025 15:45:41 GMT+0800 (Philippine Standard Time) - PUT /api/v1/employees/6 HTTP/1.1 200 56 - 20 - PostmanRuntime/7.43.4
::1 - Mon May 12 2025 15:45:44 GMT+0800 (Philippine Standard Time) - PUT /api/v1/employees/6 HTTP/1.1 200 56 - 6 - PostmanRuntime/7.43.4
::1 - Mon May 12 2025 15:45:49 GMT+0800 (Philippine Standard Time) - PUT /api/v1/employees/6 HTTP/1.1 200 56 - 6 - PostmanRuntime/7.43.4
::1 - Mon May 12 2025 15:46:09 GMT+0800 (Philippine Standard Time) - PUT /api/v1/employees/6 HTTP/1.1 200 56 - 18 - PostmanRuntime/7.43.4
::1 - Mon May 12 2025 17:55:02 GMT+0800 (Philippine Standard Time) - GET /api/v1/employees HTTP/1.1 200 440 - 6 - PostmanRuntime/7.43.4
::1 - Mon May 12 2025 17:57:25 GMT+0800 (Philippine Standard Time) - GET /api/v1/employees HTTP/1.1 200 2 - 9 - PostmanRuntime/7.43.4
::1 - Mon May 12 2025 18:31:59 GMT+0800 (Philippine Standard Time) - GET /api/v1/employees HTTP/1.1 200 2 - 9 - PostmanRuntime/7.43.4
::1 - Mon May 12 2025 18:41:17 GMT+0800 (Philippine Standard Time) - POST /api/v1/employees HTTP/1.1 500 55 - 15 - PostmanRuntime/7.43.4
::1 - Mon May 12 2025 18:42:06 GMT+0800 (Philippine Standard Time) - POST /api/v1/employees HTTP/1.1 500 51 - 16 - PostmanRuntime/7.43.4
::1 - Mon May 12 2025 18:42:13 GMT+0800 (Philippine Standard Time) - POST /api/v1/employees HTTP/1.1 201 132 - 15 - PostmanRuntime/7.43.4
::1 - Mon May 12 2025 18:42:51 GMT+0800 (Philippine Standard Time) - POST /api/v1/employees HTTP/1.1 201 134 - 16 - PostmanRuntime/7.43.4
::1 - Mon May 12 2025 18:43:24 GMT+0800 (Philippine Standard Time) - POST /api/v1/employees HTTP/1.1 201 128 - 5 - PostmanRuntime/7.43.4
::1 - Mon May 12 2025 18:43:56 GMT+0800 (Philippine Standard Time) - POST /api/v1/employees HTTP/1.1 201 134 - 4 - PostmanRuntime/7.43.4
::1 - Mon May 12 2025 18:43:59 GMT+0800 (Philippine Standard Time) - GET /api/v1/employees HTTP/1.1 200 937 - 8 - PostmanRuntime/7.43.4
::1 - Mon May 12 2025 18:44:19 GMT+0800 (Philippine Standard Time) - GET /api/v1/employees/2313asdasd HTTP/1.1 500 30 - 11 - PostmanRuntime/7.43.4
::1 - Mon May 12 2025 18:44:22 GMT+0800 (Philippine Standard Time) - GET /api/v1/employees/2 HTTP/1.1 200 235 - 5 - PostmanRuntime/7.43.4
::1 - Mon May 12 2025 18:44:25 GMT+0800 (Philippine Standard Time) - GET /api/v1/employees/3 HTTP/1.1 200 229 - 2 - PostmanRuntime/7.43.4
::1 - Mon May 12 2025 18:44:37 GMT+0800 (Philippine Standard Time) - GET /api/v1/employees/4 HTTP/1.1 200 235 - 7 - PostmanRuntime/7.43.4
::1 - Mon May 12 2025 18:45:04 GMT+0800 (Philippine Standard Time) - PUT /api/v1/employees/4 HTTP/1.1 200 235 - 12 - PostmanRuntime/7.43.4
::1 - Mon May 12 2025 18:45:08 GMT+0800 (Philippine Standard Time) - GET /api/v1/employees/4 HTTP/1.1 200 235 - 3 - PostmanRuntime/7.43.4
::1 - Mon May 12 2025 18:51:43 GMT+0800 (Philippine Standard Time) - GET / HTTP/1.1 404 35 - 3 - Mozilla/5.0 (Macintosh; Intel Mac OS X 10_15_7) AppleWebKit/537.36 (KHTML, like Gecko) Chrome/136.0.0.0 Safari/537.36
::1 - Mon May 12 2025 18:51:43 GMT+0800 (Philippine Standard Time) - GET / HTTP/1.1 404 35 - 1 - Mozilla/5.0 (Macintosh; Intel Mac OS X 10_15_7) AppleWebKit/537.36 (KHTML, like Gecko) Chrome/136.0.0.0 Safari/537.36
::1 - Mon May 12 2025 18:52:09 GMT+0800 (Philippine Standard Time) - GET /api/v1/employees HTTP/1.1 200 937 - 6 - node
::1 - Mon May 12 2025 19:49:22 GMT+0800 (Philippine Standard Time) - GET /api/v1/employees HTTP/1.1 200 937 - 11 - PostmanRuntime/7.43.4
::1 - Mon May 12 2025 20:04:34 GMT+0800 (Philippine Standard Time) - GET / HTTP/1.1 404 35 - 3 - Mozilla/5.0 (Macintosh; Intel Mac OS X 10_15_7) AppleWebKit/537.36 (KHTML, like Gecko) Chrome/136.0.0.0 Safari/537.36
::1 - Mon May 12 2025 20:04:35 GMT+0800 (Philippine Standard Time) - GET / HTTP/1.1 404 35 - 2 - Mozilla/5.0 (Macintosh; Intel Mac OS X 10_15_7) AppleWebKit/537.36 (KHTML, like Gecko) Chrome/136.0.0.0 Safari/537.36
::1 - Mon May 12 2025 20:21:08 GMT+0800 (Philippine Standard Time) - GET /api/v1/employees HTTP/1.1 200 937 - 16 - node
::1 - Mon May 12 2025 20:22:19 GMT+0800 (Philippine Standard Time) - GET /api/v1/employees HTTP/1.1 200 937 - 9 - node
::1 - Mon May 12 2025 20:22:23 GMT+0800 (Philippine Standard Time) - GET /api/v1/employees HTTP/1.1 200 937 - 20 - node
::1 - Mon May 12 2025 20:24:02 GMT+0800 (Philippine Standard Time) - GET /api/v1/employees HTTP/1.1 200 937 - 7 - node
::1 - Mon May 12 2025 20:25:18 GMT+0800 (Philippine Standard Time) - GET /api/v1/employees HTTP/1.1 200 937 - 8 - node
::1 - Mon May 12 2025 20:27:16 GMT+0800 (Philippine Standard Time) - GET /api/v1/employees HTTP/1.1 200 937 - 3 - node
::1 - Mon May 12 2025 20:27:19 GMT+0800 (Philippine Standard Time) - GET /api/v1/employees HTTP/1.1 200 937 - 9 - node
::1 - Mon May 12 2025 20:27:46 GMT+0800 (Philippine Standard Time) - GET /api/v1/employees HTTP/1.1 200 937 - 8 - node
::1 - Mon May 12 2025 20:27:54 GMT+0800 (Philippine Standard Time) - GET /api/v1/employees HTTP/1.1 200 937 - 2 - node
::1 - Mon May 12 2025 20:28:18 GMT+0800 (Philippine Standard Time) - GET /api/v1/employees HTTP/1.1 200 937 - 2 - node
::1 - Mon May 12 2025 20:28:36 GMT+0800 (Philippine Standard Time) - GET /api/v1/employees HTTP/1.1 200 937 - 2 - node
::1 - Mon May 12 2025 20:28:50 GMT+0800 (Philippine Standard Time) - GET /api/v1/employees HTTP/1.1 200 937 - 3 - node
::1 - Mon May 12 2025 20:34:18 GMT+0800 (Philippine Standard Time) - GET /api/v1/employees HTTP/1.1 200 937 - 4 - node
::1 - Mon May 12 2025 20:34:22 GMT+0800 (Philippine Standard Time) - GET /api/v1/employees HTTP/1.1 200 937 - 3 - node
::1 - Mon May 12 2025 20:36:10 GMT+0800 (Philippine Standard Time) - GET /api/v1/employees HTTP/1.1 200 937 - 3 - node
::1 - Mon May 12 2025 20:36:13 GMT+0800 (Philippine Standard Time) - GET /api/v1/employees HTTP/1.1 200 937 - 3 - node
::1 - Mon May 12 2025 20:37:44 GMT+0800 (Philippine Standard Time) - GET /api/v1/employees HTTP/1.1 200 937 - 4 - node
::1 - Mon May 12 2025 20:38:07 GMT+0800 (Philippine Standard Time) - GET /api/v1/employees HTTP/1.1 200 937 - 4 - node
::1 - Mon May 12 2025 21:01:50 GMT+0800 (Philippine Standard Time) - GET /api/v1/employees HTTP/1.1 200 937 - 2 - node
::1 - Mon May 12 2025 21:01:50 GMT+0800 (Philippine Standard Time) - GET /api/v1/employees HTTP/1.1 200 937 - 2 - node
::1 - Tue May 13 2025 19:14:09 GMT+0800 (Philippine Standard Time) - GET / HTTP/1.1 404 35 - 3 - Mozilla/5.0 (Macintosh; Intel Mac OS X 10_15_7) AppleWebKit/537.36 (KHTML, like Gecko) Chrome/136.0.0.0 Safari/537.36
::1 - Tue May 13 2025 19:14:10 GMT+0800 (Philippine Standard Time) - GET / HTTP/1.1 404 35 - 2 - Mozilla/5.0 (Macintosh; Intel Mac OS X 10_15_7) AppleWebKit/537.36 (KHTML, like Gecko) Chrome/136.0.0.0 Safari/537.36
::1 - Tue May 13 2025 19:14:18 GMT+0800 (Philippine Standard Time) - GET /api/v1/employees HTTP/1.1 200 937 - 12 - node
::1 - Tue May 13 2025 19:15:35 GMT+0800 (Philippine Standard Time) - GET / HTTP/1.1 404 35 - 2 - Mozilla/5.0 (Macintosh; Intel Mac OS X 10_15_7) AppleWebKit/537.36 (KHTML, like Gecko) Chrome/136.0.0.0 Safari/537.36
::1 - Tue May 13 2025 19:16:21 GMT+0800 (Philippine Standard Time) - GET /api/v1/employees HTTP/1.1 200 937 - 8 - node
::1 - Tue May 13 2025 19:17:26 GMT+0800 (Philippine Standard Time) - GET /api/v1/employees HTTP/1.1 200 937 - 6 - node
::1 - Tue May 13 2025 19:18:59 GMT+0800 (Philippine Standard Time) - GET /api/v1/employees HTTP/1.1 200 937 - 8 - node
::1 - Tue May 13 2025 19:24:06 GMT+0800 (Philippine Standard Time) - GET /api/v1/employees HTTP/1.1 200 937 - 9 - node
::1 - Tue May 13 2025 19:25:46 GMT+0800 (Philippine Standard Time) - DELETE /api/v1/employees/23 HTTP/1.1 500 30 - 8 - PostmanRuntime/7.43.4
::1 - Tue May 13 2025 19:25:52 GMT+0800 (Philippine Standard Time) - DELETE /api/v1/employees/1 HTTP/1.1 200 16 - 9 - PostmanRuntime/7.43.4
::1 - Tue May 13 2025 19:26:40 GMT+0800 (Philippine Standard Time) - GET /api/v1/employees HTTP/1.1 200 703 - 2 - node
::1 - Tue May 13 2025 19:29:07 GMT+0800 (Philippine Standard Time) - GET /api/v1/employees HTTP/1.1 200 703 - 2 - node
::1 - Tue May 13 2025 19:29:07 GMT+0800 (Philippine Standard Time) - GET /api/v1/employees HTTP/1.1 200 703 - 3 - node
::1 - Tue May 13 2025 19:29:26 GMT+0800 (Philippine Standard Time) - GET /api/v1/employees HTTP/1.1 200 703 - 2 - node
::1 - Tue May 13 2025 19:31:56 GMT+0800 (Philippine Standard Time) - GET /api/v1/employees HTTP/1.1 200 703 - 2 - node
::1 - Tue May 13 2025 19:38:58 GMT+0800 (Philippine Standard Time) - GET /api/v1/employees HTTP/1.1 200 703 - 4 - node
::1 - Tue May 13 2025 19:40:46 GMT+0800 (Philippine Standard Time) - GET /api/v1/employees HTTP/1.1 200 703 - 13 - node
::1 - Tue May 13 2025 19:46:46 GMT+0800 (Philippine Standard Time) - GET /api/v1/employees HTTP/1.1 200 703 - 2 - node
::1 - Tue May 13 2025 19:49:01 GMT+0800 (Philippine Standard Time) - GET /api/v1/employees HTTP/1.1 200 703 - 7 - node
::1 - Tue May 13 2025 19:50:11 GMT+0800 (Philippine Standard Time) - GET /api/v1/employees HTTP/1.1 200 703 - 3 - node
::1 - Tue May 13 2025 19:51:55 GMT+0800 (Philippine Standard Time) - GET /api/v1/employees HTTP/1.1 200 703 - 2 - node
::1 - Tue May 13 2025 19:53:01 GMT+0800 (Philippine Standard Time) - GET /api/v1/employees HTTP/1.1 200 703 - 4 - node
::1 - Tue May 13 2025 19:54:09 GMT+0800 (Philippine Standard Time) - GET /api/v1/employees HTTP/1.1 200 703 - 5 - node
::1 - Tue May 13 2025 19:55:17 GMT+0800 (Philippine Standard Time) - GET /api/v1/employees HTTP/1.1 200 703 - 2 - node
::1 - Tue May 13 2025 19:56:23 GMT+0800 (Philippine Standard Time) - DELETE /api/v1/employees/3 HTTP/1.1 200 16 - 3 - node
::1 - Tue May 13 2025 19:56:23 GMT+0800 (Philippine Standard Time) - GET /api/v1/employees HTTP/1.1 200 473 - 2 - node
::1 - Tue May 13 2025 19:57:26 GMT+0800 (Philippine Standard Time) - GET /api/v1/employees HTTP/1.1 200 473 - 3 - node
::1 - Tue May 13 2025 19:59:16 GMT+0800 (Philippine Standard Time) - GET /api/v1/employees HTTP/1.1 200 473 - 9 - node
::1 - Tue May 13 2025 19:59:33 GMT+0800 (Philippine Standard Time) - POST /api/v1/employees HTTP/1.1 500 71 - 17 - PostmanRuntime/7.43.4
::1 - Tue May 13 2025 19:59:43 GMT+0800 (Philippine Standard Time) - POST /api/v1/employees HTTP/1.1 201 129 - 14 - PostmanRuntime/7.43.4
::1 - Tue May 13 2025 19:59:46 GMT+0800 (Philippine Standard Time) - POST /api/v1/employees HTTP/1.1 500 69 - 5 - PostmanRuntime/7.43.4
::1 - Tue May 13 2025 19:59:58 GMT+0800 (Philippine Standard Time) - POST /api/v1/employees HTTP/1.1 201 141 - 15 - PostmanRuntime/7.43.4
::1 - Tue May 13 2025 20:00:04 GMT+0800 (Philippine Standard Time) - POST /api/v1/employees HTTP/1.1 201 131 - 12 - PostmanRuntime/7.43.4
::1 - Tue May 13 2025 20:00:09 GMT+0800 (Philippine Standard Time) - POST /api/v1/employees HTTP/1.1 201 130 - 4 - PostmanRuntime/7.43.4
::1 - Tue May 13 2025 20:00:14 GMT+0800 (Philippine Standard Time) - POST /api/v1/employees HTTP/1.1 201 128 - 4 - PostmanRuntime/7.43.4
::1 - Tue May 13 2025 20:00:21 GMT+0800 (Philippine Standard Time) - POST /api/v1/employees HTTP/1.1 201 134 - 4 - PostmanRuntime/7.43.4
::1 - Tue May 13 2025 20:00:28 GMT+0800 (Philippine Standard Time) - POST /api/v1/employees HTTP/1.1 201 132 - 4 - PostmanRuntime/7.43.4
::1 - Tue May 13 2025 20:00:37 GMT+0800 (Philippine Standard Time) - POST /api/v1/employees HTTP/1.1 201 132 - 14 - PostmanRuntime/7.43.4
::1 - Tue May 13 2025 20:00:43 GMT+0800 (Philippine Standard Time) - GET /api/v1/employees HTTP/1.1 200 - - 7 - node
::1 - Tue May 13 2025 20:02:34 GMT+0800 (Philippine Standard Time) - GET /api/v1/employees HTTP/1.1 200 - - 4 - node
::1 - Tue May 13 2025 20:04:43 GMT+0800 (Philippine Standard Time) - GET /api/v1/employees HTTP/1.1 200 - - 10 - node
::1 - Tue May 13 2025 20:04:56 GMT+0800 (Philippine Standard Time) - GET /api/v1/employees HTTP/1.1 200 - - 4 - node
::1 - Tue May 13 2025 20:05:32 GMT+0800 (Philippine Standard Time) - GET /api/v1/employees HTTP/1.1 200 - - 12 - node
::1 - Tue May 13 2025 20:05:55 GMT+0800 (Philippine Standard Time) - POST /api/v1/employees HTTP/1.1 201 136 - 5 - PostmanRuntime/7.43.4
::1 - Tue May 13 2025 20:05:57 GMT+0800 (Philippine Standard Time) - GET /api/v1/employees HTTP/1.1 200 - - 4 - node
::1 - Tue May 13 2025 20:07:22 GMT+0800 (Philippine Standard Time) - GET /api/v1/employees HTTP/1.1 200 - - 3 - node
::1 - Tue May 13 2025 20:09:09 GMT+0800 (Philippine Standard Time) - GET /api/v1/employees HTTP/1.1 200 - - 2 - node
::1 - Tue May 13 2025 20:10:24 GMT+0800 (Philippine Standard Time) - GET /api/v1/employees HTTP/1.1 200 - - 3 - node
::1 - Tue May 13 2025 20:55:27 GMT+0800 (Philippine Standard Time) - GET /api/v1/employees HTTP/1.1 200 - - 4 - node
::1 - Tue May 13 2025 20:57:22 GMT+0800 (Philippine Standard Time) - GET /api/v1/employees HTTP/1.1 200 - - 16 - node
::1 - Tue May 13 2025 20:57:27 GMT+0800 (Philippine Standard Time) - GET /api/v1/employees HTTP/1.1 200 - - 7 - node
::1 - Tue May 13 2025 20:58:28 GMT+0800 (Philippine Standard Time) - GET /api/v1/employees HTTP/1.1 200 - - 8 - node
::1 - Tue May 13 2025 20:59:41 GMT+0800 (Philippine Standard Time) - GET /api/v1/employees HTTP/1.1 200 - - 12 - node
::1 - Tue May 13 2025 21:00:52 GMT+0800 (Philippine Standard Time) - GET /api/v1/employees HTTP/1.1 200 - - 5 - node
::1 - Tue May 13 2025 21:00:56 GMT+0800 (Philippine Standard Time) - GET /api/v1/employees HTTP/1.1 200 - - 2 - node
::1 - Tue May 13 2025 21:02:29 GMT+0800 (Philippine Standard Time) - GET /api/v1/employees HTTP/1.1 200 - - 7 - node
::1 - Tue May 13 2025 21:02:32 GMT+0800 (Philippine Standard Time) - GET /api/v1/employees HTTP/1.1 200 - - 2 - node
::1 - Tue May 13 2025 21:03:28 GMT+0800 (Philippine Standard Time) - GET /api/v1/employees HTTP/1.1 200 - - 2 - node
::1 - Tue May 13 2025 21:07:36 GMT+0800 (Philippine Standard Time) - GET /api/v1/employees HTTP/1.1 200 - - 3 - PostmanRuntime/7.43.4
::1 - Tue May 13 2025 21:37:23 GMT+0800 (Philippine Standard Time) - GET /api/v1/employees HTTP/1.1 200 - - 2 - node
::1 - Tue May 13 2025 21:38:37 GMT+0800 (Philippine Standard Time) - GET /api/v1/employees HTTP/1.1 200 - - 2 - node
::1 - Tue May 13 2025 21:39:51 GMT+0800 (Philippine Standard Time) - GET /api/v1/employees HTTP/1.1 200 - - 3 - node
::1 - Tue May 13 2025 21:41:10 GMT+0800 (Philippine Standard Time) - GET /api/v1/employees HTTP/1.1 200 - - 2 - node
::1 - Tue May 13 2025 21:42:35 GMT+0800 (Philippine Standard Time) - GET /api/v1/employees HTTP/1.1 200 - - 2 - node
::1 - Tue May 13 2025 21:42:45 GMT+0800 (Philippine Standard Time) - GET /api/v1/employees HTTP/1.1 200 - - 2 - node
::1 - Tue May 13 2025 21:43:15 GMT+0800 (Philippine Standard Time) - POST /api/v1/employees HTTP/1.1 500 93 - 10 - node
::1 - Tue May 13 2025 21:43:46 GMT+0800 (Philippine Standard Time) - GET /api/v1/employees HTTP/1.1 200 - - 2 - node
::1 - Tue May 13 2025 21:43:58 GMT+0800 (Philippine Standard Time) - POST /api/v1/employees HTTP/1.1 400 35 - 5 - PostmanRuntime/7.43.4
::1 - Tue May 13 2025 21:44:06 GMT+0800 (Philippine Standard Time) - POST /api/v1/employees HTTP/1.1 500 72 - 6 - PostmanRuntime/7.43.4
::1 - Tue May 13 2025 21:44:12 GMT+0800 (Philippine Standard Time) - POST /api/v1/employees HTTP/1.1 201 121 - 7 - PostmanRuntime/7.43.4
::1 - Tue May 13 2025 21:45:00 GMT+0800 (Philippine Standard Time) - GET /api/v1/employees HTTP/1.1 200 - - 2 - node
::1 - Tue May 13 2025 21:45:54 GMT+0800 (Philippine Standard Time) - POST /api/v1/employees HTTP/1.1 500 93 - 4 - node
::1 - Tue May 13 2025 21:46:10 GMT+0800 (Philippine Standard Time) - GET /api/v1/employees HTTP/1.1 200 - - 2 - node
::1 - Tue May 13 2025 21:46:12 GMT+0800 (Philippine Standard Time) - POST /api/v1/employees HTTP/1.1 500 93 - 3 - node
::1 - Tue May 13 2025 21:47:41 GMT+0800 (Philippine Standard Time) - POST /api/v1/employees HTTP/1.1 400 46 - 1 - PostmanRuntime/7.43.4
::1 - Tue May 13 2025 21:47:48 GMT+0800 (Philippine Standard Time) - POST /api/v1/employees HTTP/1.1 400 35 - 11 - PostmanRuntime/7.43.4
::1 - Tue May 13 2025 21:48:47 GMT+0800 (Philippine Standard Time) - GET /api/v1/employees HTTP/1.1 200 - - 1 - node
::1 - Tue May 13 2025 21:48:56 GMT+0800 (Philippine Standard Time) - POST /api/v1/employees HTTP/1.1 500 93 - 1 - node
::1 - Tue May 13 2025 21:50:06 GMT+0800 (Philippine Standard Time) - GET /api/v1/employees HTTP/1.1 200 - - 2 - node
::1 - Tue May 13 2025 21:50:08 GMT+0800 (Philippine Standard Time) - POST /api/v1/employees HTTP/1.1 500 93 - 1 - node
::1 - Tue May 13 2025 21:50:38 GMT+0800 (Philippine Standard Time) - POST /api/v1/employees HTTP/1.1 500 93 - 1 - node
::1 - Tue May 13 2025 21:51:20 GMT+0800 (Philippine Standard Time) - GET /api/v1/employees HTTP/1.1 200 - - 2 - node
::1 - Tue May 13 2025 21:51:25 GMT+0800 (Philippine Standard Time) - POST /api/v1/employees HTTP/1.1 500 93 - 6 - node
::1 - Tue May 13 2025 21:52:16 GMT+0800 (Philippine Standard Time) - POST /api/v1/employees HTTP/1.1 500 93 - 1 - node
::1 - Tue May 13 2025 21:52:29 GMT+0800 (Philippine Standard Time) - GET /api/v1/employees HTTP/1.1 200 - - 1 - node
::1 - Tue May 13 2025 21:52:56 GMT+0800 (Philippine Standard Time) - POST /api/v1/employees HTTP/1.1 500 123 - 2 - PostmanRuntime/7.43.4
::1 - Tue May 13 2025 21:53:34 GMT+0800 (Philippine Standard Time) - GET /api/v1/employees HTTP/1.1 200 - - 1 - node
::1 - Tue May 13 2025 21:53:53 GMT+0800 (Philippine Standard Time) - POST /api/v1/employees HTTP/1.1 201 122 - 2 - node
::1 - Tue May 13 2025 21:53:53 GMT+0800 (Philippine Standard Time) - GET /api/v1/employees HTTP/1.1 200 - - 1 - node
::1 - Tue May 13 2025 21:54:16 GMT+0800 (Philippine Standard Time) - GET /api/v1/employees HTTP/1.1 200 - - 2 - node
::1 - Tue May 13 2025 21:54:31 GMT+0800 (Philippine Standard Time) - POST /api/v1/employees HTTP/1.1 500 72 - 2 - node
::1 - Tue May 13 2025 21:55:19 GMT+0800 (Philippine Standard Time) - GET /api/v1/employees HTTP/1.1 200 - - 2 - node
::1 - Tue May 13 2025 21:55:21 GMT+0800 (Philippine Standard Time) - POST /api/v1/employees HTTP/1.1 500 72 - 2 - node
::1 - Tue May 13 2025 21:55:27 GMT+0800 (Philippine Standard Time) - POST /api/v1/employees HTTP/1.1 500 72 - 3 - node
::1 - Tue May 13 2025 21:56:06 GMT+0800 (Philippine Standard Time) - POST /api/v1/employees HTTP/1.1 500 72 - 2 - node
::1 - Tue May 13 2025 21:56:18 GMT+0800 (Philippine Standard Time) - POST /api/v1/employees HTTP/1.1 500 72 - 1 - node
::1 - Tue May 13 2025 21:56:36 GMT+0800 (Philippine Standard Time) - GET /api/v1/employees HTTP/1.1 200 - - 2 - node
::1 - Tue May 13 2025 21:56:47 GMT+0800 (Philippine Standard Time) - POST /api/v1/employees HTTP/1.1 201 126 - 4 - PostmanRuntime/7.43.4
::1 - Tue May 13 2025 21:59:29 GMT+0800 (Philippine Standard Time) - GET /api/v1/employees HTTP/1.1 200 - - 2 - node
::1 - Tue May 13 2025 21:59:31 GMT+0800 (Philippine Standard Time) - POST /api/v1/employees HTTP/1.1 500 72 - 2 - node
::1 - Tue May 13 2025 22:00:41 GMT+0800 (Philippine Standard Time) - GET /api/v1/employees HTTP/1.1 200 - - 8 - node
::1 - Tue May 13 2025 22:00:43 GMT+0800 (Philippine Standard Time) - POST /api/v1/employees HTTP/1.1 500 72 - 10 - node
::1 - Tue May 13 2025 22:01:22 GMT+0800 (Philippine Standard Time) - POST /api/v1/employees HTTP/1.1 201 133 - 9 - node
::1 - Tue May 13 2025 22:01:22 GMT+0800 (Philippine Standard Time) - GET /api/v1/employees HTTP/1.1 200 - - 5 - node
::1 - Tue May 13 2025 22:01:36 GMT+0800 (Philippine Standard Time) - GET /api/v1/employees HTTP/1.1 200 - - 10 - PostmanRuntime/7.43.4
::1 - Tue May 13 2025 22:02:43 GMT+0800 (Philippine Standard Time) - GET /api/v1/employees HTTP/1.1 200 - - 9 - node
::1 - Tue May 13 2025 22:03:05 GMT+0800 (Philippine Standard Time) - POST /api/v1/employees HTTP/1.1 201 132 - 13 - node
::1 - Tue May 13 2025 22:03:05 GMT+0800 (Philippine Standard Time) - GET /api/v1/employees HTTP/1.1 200 - - 4 - node
::1 - Tue May 13 2025 22:04:06 GMT+0800 (Philippine Standard Time) - POST /api/v1/employees HTTP/1.1 201 128 - 11 - node
::1 - Tue May 13 2025 22:04:06 GMT+0800 (Philippine Standard Time) - GET /api/v1/employees HTTP/1.1 200 - - 6 - node
::1 - Tue May 13 2025 22:05:05 GMT+0800 (Philippine Standard Time) - GET /api/v1/employees HTTP/1.1 200 - - 10 - node
::1 - Tue May 13 2025 22:05:14 GMT+0800 (Philippine Standard Time) - DELETE /api/v1/employees/2 HTTP/1.1 200 16 - 3 - node
::1 - Tue May 13 2025 22:05:14 GMT+0800 (Philippine Standard Time) - GET /api/v1/employees HTTP/1.1 200 - - 2 - node
::1 - Tue May 13 2025 22:05:33 GMT+0800 (Philippine Standard Time) - POST /api/v1/employees HTTP/1.1 201 134 - 3 - node
::1 - Tue May 13 2025 22:05:33 GMT+0800 (Philippine Standard Time) - GET /api/v1/employees HTTP/1.1 200 - - 2 - node
::1 - Tue May 13 2025 22:05:33 GMT+0800 (Philippine Standard Time) - GET /api/v1/employees HTTP/1.1 200 - - 4 - node
::1 - Tue May 13 2025 22:05:33 GMT+0800 (Philippine Standard Time) - GET /api/v1/employees HTTP/1.1 200 - - 2 - node
::1 - Tue May 13 2025 22:06:30 GMT+0800 (Philippine Standard Time) - POST /api/v1/employees HTTP/1.1 201 131 - 10 - node
::1 - Tue May 13 2025 22:06:30 GMT+0800 (Philippine Standard Time) - GET /api/v1/employees HTTP/1.1 200 - - 5 - node
::1 - Tue May 13 2025 22:06:30 GMT+0800 (Philippine Standard Time) - GET /api/v1/employees HTTP/1.1 200 - - 3 - node
::1 - Tue May 13 2025 22:06:30 GMT+0800 (Philippine Standard Time) - GET /api/v1/employees HTTP/1.1 200 - - 2 - node
::1 - Wed May 14 2025 19:31:24 GMT+0800 (Philippine Standard Time) - GET / HTTP/1.1 404 35 - 2 - Mozilla/5.0 (Macintosh; Intel Mac OS X 10_15_7) AppleWebKit/537.36 (KHTML, like Gecko) Chrome/136.0.0.0 Safari/537.36
::1 - Wed May 14 2025 19:31:25 GMT+0800 (Philippine Standard Time) - GET / HTTP/1.1 404 35 - 2 - Mozilla/5.0 (Macintosh; Intel Mac OS X 10_15_7) AppleWebKit/537.36 (KHTML, like Gecko) Chrome/136.0.0.0 Safari/537.36
::1 - Wed May 14 2025 19:31:30 GMT+0800 (Philippine Standard Time) - GET /api/v1/employees HTTP/1.1 200 - - 88 - node
::1 - Wed May 14 2025 19:32:55 GMT+0800 (Philippine Standard Time) - GET /api/v1/employees HTTP/1.1 200 - - 7 - node
::1 - Wed May 14 2025 19:33:56 GMT+0800 (Philippine Standard Time) - POST /api/v1/employees HTTP/1.1 201 127 - 16 - node
::1 - Wed May 14 2025 19:33:56 GMT+0800 (Philippine Standard Time) - GET /api/v1/employees HTTP/1.1 200 - - 5 - node
::1 - Wed May 14 2025 19:33:56 GMT+0800 (Philippine Standard Time) - GET /api/v1/employees HTTP/1.1 200 - - 13 - node
::1 - Wed May 14 2025 19:33:56 GMT+0800 (Philippine Standard Time) - GET /api/v1/employees HTTP/1.1 200 - - 2 - node
::1 - Wed May 14 2025 19:34:22 GMT+0800 (Philippine Standard Time) - DELETE /api/v1/employees/14 HTTP/1.1 200 16 - 10 - node
::1 - Wed May 14 2025 19:34:22 GMT+0800 (Philippine Standard Time) - GET /api/v1/employees HTTP/1.1 200 - - 8 - node
::1 - Wed May 14 2025 19:45:18 GMT+0800 (Philippine Standard Time) - GET /api/v1/employees HTTP/1.1 200 - - 7 - node
::1 - Wed May 14 2025 19:47:26 GMT+0800 (Philippine Standard Time) - GET /api/v1/employees HTTP/1.1 200 - - 9 - node
::1 - Wed May 14 2025 19:50:28 GMT+0800 (Philippine Standard Time) - GET /api/v1/employees HTTP/1.1 200 - - 7 - node
::1 - Wed May 14 2025 19:52:16 GMT+0800 (Philippine Standard Time) - GET /api/v1/employees HTTP/1.1 200 - - 3 - node
::1 - Wed May 14 2025 19:54:49 GMT+0800 (Philippine Standard Time) - GET / HTTP/1.1 404 35 - 2 - Mozilla/5.0 (Macintosh; Intel Mac OS X 10_15_7) AppleWebKit/537.36 (KHTML, like Gecko) Chrome/136.0.0.0 Safari/537.36
::1 - Wed May 14 2025 19:58:16 GMT+0800 (Philippine Standard Time) - GET /api/v1/employees HTTP/1.1 200 - - 5 - node
::1 - Wed May 14 2025 20:00:53 GMT+0800 (Philippine Standard Time) - GET /api/v1/employees HTTP/1.1 200 - - 2 - node
::1 - Wed May 14 2025 20:01:30 GMT+0800 (Philippine Standard Time) - GET /api/v1/employees HTTP/1.1 200 - - 4 - node
::1 - Wed May 14 2025 20:09:20 GMT+0800 (Philippine Standard Time) - GET /api/v1/employees HTTP/1.1 200 - - 4 - node
::1 - Wed May 14 2025 20:10:37 GMT+0800 (Philippine Standard Time) - GET /api/v1/employees HTTP/1.1 200 - - 3 - node
::1 - Wed May 14 2025 20:12:47 GMT+0800 (Philippine Standard Time) - GET /api/v1/employees HTTP/1.1 200 - - 4 - node
::1 - Wed May 14 2025 20:14:26 GMT+0800 (Philippine Standard Time) - GET /api/v1/employees HTTP/1.1 200 - - 9 - node
::1 - Wed May 14 2025 20:15:28 GMT+0800 (Philippine Standard Time) - GET /api/v1/employees HTTP/1.1 200 - - 5 - node
::1 - Wed May 14 2025 20:16:51 GMT+0800 (Philippine Standard Time) - GET /api/v1/employees HTTP/1.1 200 - - 2 - node
::1 - Wed May 14 2025 20:18:26 GMT+0800 (Philippine Standard Time) - GET /api/v1/employees HTTP/1.1 200 - - 2 - node
::1 - Wed May 14 2025 20:19:29 GMT+0800 (Philippine Standard Time) - GET /api/v1/employees HTTP/1.1 200 - - 3 - node
::1 - Wed May 14 2025 20:20:34 GMT+0800 (Philippine Standard Time) - GET /api/v1/employees HTTP/1.1 200 - - 3 - node
::1 - Wed May 14 2025 20:23:21 GMT+0800 (Philippine Standard Time) - GET /api/v1/employees HTTP/1.1 200 - - 2 - node
::1 - Wed May 14 2025 20:24:26 GMT+0800 (Philippine Standard Time) - GET /api/v1/employees HTTP/1.1 200 - - 5 - node
::1 - Wed May 14 2025 20:25:34 GMT+0800 (Philippine Standard Time) - GET /api/v1/employees HTTP/1.1 200 - - 2 - node
::1 - Wed May 14 2025 20:27:02 GMT+0800 (Philippine Standard Time) - GET /api/v1/employees HTTP/1.1 200 - - 4 - node
::1 - Wed May 14 2025 20:29:19 GMT+0800 (Philippine Standard Time) - GET /api/v1/employees HTTP/1.1 200 - - 2 - node
::1 - Wed May 14 2025 20:31:09 GMT+0800 (Philippine Standard Time) - GET /api/v1/employees HTTP/1.1 200 - - 2 - node
::1 - Wed May 14 2025 20:32:13 GMT+0800 (Philippine Standard Time) - GET /api/v1/employees HTTP/1.1 200 - - 4 - node
::1 - Wed May 14 2025 20:36:46 GMT+0800 (Philippine Standard Time) - GET /api/v1/employees HTTP/1.1 200 - - 3 - node
::1 - Wed May 14 2025 20:38:49 GMT+0800 (Philippine Standard Time) - GET /api/v1/employees HTTP/1.1 200 - - 5 - node
::1 - Wed May 14 2025 20:39:20 GMT+0800 (Philippine Standard Time) - GET /api/v1/employees HTTP/1.1 200 - - 3 - node
::1 - Wed May 14 2025 20:41:11 GMT+0800 (Philippine Standard Time) - GET /api/v1/employees HTTP/1.1 200 - - 2 - node
::1 - Wed May 14 2025 20:42:22 GMT+0800 (Philippine Standard Time) - GET /api/v1/employees HTTP/1.1 200 - - 3 - node
::1 - Wed May 14 2025 20:43:41 GMT+0800 (Philippine Standard Time) - GET /api/v1/employees HTTP/1.1 200 - - 2 - node
::1 - Wed May 14 2025 20:44:42 GMT+0800 (Philippine Standard Time) - GET /api/v1/employees HTTP/1.1 200 - - 2 - node
::1 - Wed May 14 2025 20:45:51 GMT+0800 (Philippine Standard Time) - GET /api/v1/employees HTTP/1.1 200 - - 2 - node
::1 - Wed May 14 2025 20:47:01 GMT+0800 (Philippine Standard Time) - POST /api/v1/employees HTTP/1.1 201 137 - 10 - node
::1 - Wed May 14 2025 20:47:01 GMT+0800 (Philippine Standard Time) - GET /api/v1/employees HTTP/1.1 200 - - 1 - node
::1 - Wed May 14 2025 20:47:01 GMT+0800 (Philippine Standard Time) - GET /api/v1/employees HTTP/1.1 200 - - 2 - node
::1 - Wed May 14 2025 20:47:01 GMT+0800 (Philippine Standard Time) - GET /api/v1/employees HTTP/1.1 200 - - 2 - node
::1 - Wed May 14 2025 20:49:22 GMT+0800 (Philippine Standard Time) - GET /api/v1/employees HTTP/1.1 200 - - 2 - node
::1 - Wed May 14 2025 20:50:36 GMT+0800 (Philippine Standard Time) - GET /api/v1/employees HTTP/1.1 200 - - 3 - node
::1 - Wed May 14 2025 20:51:01 GMT+0800 (Philippine Standard Time) - POST /api/v1/employees HTTP/1.1 201 132 - 10 - node
::1 - Wed May 14 2025 20:51:01 GMT+0800 (Philippine Standard Time) - GET /api/v1/employees HTTP/1.1 200 - - 1 - node
::1 - Wed May 14 2025 20:52:12 GMT+0800 (Philippine Standard Time) - POST /api/v1/employees HTTP/1.1 201 132 - 7 - node
::1 - Wed May 14 2025 20:52:12 GMT+0800 (Philippine Standard Time) - GET /api/v1/employees HTTP/1.1 200 - - 2 - node
::1 - Wed May 14 2025 20:52:52 GMT+0800 (Philippine Standard Time) - POST /api/v1/employees HTTP/1.1 201 135 - 4 - node
::1 - Wed May 14 2025 20:52:52 GMT+0800 (Philippine Standard Time) - GET /api/v1/employees HTTP/1.1 200 - - 2 - node
::1 - Wed May 14 2025 20:54:40 GMT+0800 (Philippine Standard Time) - GET /api/v1/employees HTTP/1.1 200 - - 2 - node
::1 - Wed May 14 2025 20:56:16 GMT+0800 (Philippine Standard Time) - GET /api/v1/employees HTTP/1.1 200 - - 2 - node
::1 - Wed May 14 2025 20:57:13 GMT+0800 (Philippine Standard Time) - POST /api/v1/employees HTTP/1.1 201 127 - 3 - node
::1 - Wed May 14 2025 20:57:13 GMT+0800 (Philippine Standard Time) - GET /api/v1/employees HTTP/1.1 200 - - 2 - node
::1 - Wed May 14 2025 21:00:26 GMT+0800 (Philippine Standard Time) - GET /api/v1/employees HTTP/1.1 200 - - 2 - node
::1 - Wed May 14 2025 21:00:42 GMT+0800 (Philippine Standard Time) - PUT /api/v1/employees/4 HTTP/1.1 200 235 - 15 - node
::1 - Wed May 14 2025 21:00:49 GMT+0800 (Philippine Standard Time) - GET /api/v1/employees HTTP/1.1 200 - - 1 - node
::1 - Wed May 14 2025 21:03:46 GMT+0800 (Philippine Standard Time) - GET /api/v1/employees HTTP/1.1 200 - - 2 - node
::1 - Wed May 14 2025 21:03:55 GMT+0800 (Philippine Standard Time) - PUT /api/v1/employees/6 HTTP/1.1 200 230 - 9 - node
::1 - Wed May 14 2025 21:03:55 GMT+0800 (Philippine Standard Time) - GET /api/v1/employees HTTP/1.1 200 - - 2 - node
::1 - Wed May 14 2025 21:05:38 GMT+0800 (Philippine Standard Time) - GET /api/v1/employees HTTP/1.1 200 - - 5 - node
::1 - Wed May 14 2025 21:05:50 GMT+0800 (Philippine Standard Time) - PUT /api/v1/employees/4 HTTP/1.1 200 237 - 15 - node
::1 - Wed May 14 2025 21:05:50 GMT+0800 (Philippine Standard Time) - GET /api/v1/employees HTTP/1.1 200 - - 2 - node
::1 - Wed May 14 2025 21:06:13 GMT+0800 (Philippine Standard Time) - PUT /api/v1/employees/6 HTTP/1.1 200 233 - 8 - node
::1 - Wed May 14 2025 21:06:13 GMT+0800 (Philippine Standard Time) - GET /api/v1/employees HTTP/1.1 200 - - 1 - node
::1 - Wed May 14 2025 21:07:26 GMT+0800 (Philippine Standard Time) - GET /api/v1/employees HTTP/1.1 200 - - 2 - node
::1 - Wed May 14 2025 21:07:39 GMT+0800 (Philippine Standard Time) - PUT /api/v1/employees/9 HTTP/1.1 200 232 - 5 - node
::1 - Wed May 14 2025 21:07:39 GMT+0800 (Philippine Standard Time) - GET /api/v1/employees HTTP/1.1 200 - - 2 - node
::1 - Wed May 14 2025 21:09:25 GMT+0800 (Philippine Standard Time) - GET /api/v1/employees HTTP/1.1 200 - - 2 - node
::1 - Wed May 14 2025 21:10:07 GMT+0800 (Philippine Standard Time) - POST /api/v1/employees HTTP/1.1 201 133 - 5 - node
::1 - Wed May 14 2025 21:10:07 GMT+0800 (Philippine Standard Time) - GET /api/v1/employees HTTP/1.1 200 - - 2 - node
::1 - Wed May 14 2025 21:22:58 GMT+0800 (Philippine Standard Time) - GET /api/v1/employees HTTP/1.1 200 - - 3 - node
::1 - Wed May 14 2025 21:22:58 GMT+0800 (Philippine Standard Time) - GET /api/v1/employees HTTP/1.1 200 - - 19 - node
::1 - Wed May 14 2025 21:24:16 GMT+0800 (Philippine Standard Time) - GET /api/v1/employees HTTP/1.1 200 - - 2 - node
::1 - Wed May 14 2025 21:25:37 GMT+0800 (Philippine Standard Time) - GET /api/v1/employees HTTP/1.1 200 - - 2 - node
::1 - Wed May 14 2025 21:27:15 GMT+0800 (Philippine Standard Time) - GET /api/v1/employees HTTP/1.1 200 - - 4 - node
::1 - Wed May 14 2025 21:28:30 GMT+0800 (Philippine Standard Time) - GET /api/v1/employees HTTP/1.1 200 - - 2 - node
::1 - Wed May 14 2025 21:29:36 GMT+0800 (Philippine Standard Time) - GET /api/v1/employees HTTP/1.1 200 - - 3 - node
::1 - Wed May 14 2025 21:31:32 GMT+0800 (Philippine Standard Time) - GET /api/v1/employees HTTP/1.1 200 - - 5 - node
::1 - Wed May 14 2025 21:34:05 GMT+0800 (Philippine Standard Time) - GET /api/v1/employees HTTP/1.1 200 - - 2 - node
::1 - Wed May 14 2025 21:35:35 GMT+0800 (Philippine Standard Time) - GET /api/v1/employees HTTP/1.1 200 - - 3 - node
::1 - Wed May 14 2025 21:36:55 GMT+0800 (Philippine Standard Time) - GET /api/v1/employees HTTP/1.1 200 - - 2 - node
::1 - Wed May 14 2025 21:37:23 GMT+0800 (Philippine Standard Time) - GET /api/v1/employees HTTP/1.1 200 - - 2 - node
::1 - Wed May 14 2025 21:39:58 GMT+0800 (Philippine Standard Time) - GET /api/v1/employees HTTP/1.1 200 - - 3 - node
::1 - Wed May 14 2025 21:41:15 GMT+0800 (Philippine Standard Time) - GET /api/v1/employees HTTP/1.1 200 - - 3 - node
::1 - Wed May 14 2025 21:42:35 GMT+0800 (Philippine Standard Time) - GET /api/v1/employees HTTP/1.1 200 - - 3 - node
::1 - Wed May 14 2025 21:43:40 GMT+0800 (Philippine Standard Time) - GET /api/v1/employees HTTP/1.1 200 - - 5 - node
::1 - Wed May 14 2025 21:44:43 GMT+0800 (Philippine Standard Time) - GET /api/v1/employees HTTP/1.1 200 - - 2 - node
::1 - Wed May 14 2025 21:45:16 GMT+0800 (Philippine Standard Time) - POST /api/v1/employees HTTP/1.1 201 131 - 10 - node
::1 - Wed May 14 2025 21:45:16 GMT+0800 (Philippine Standard Time) - GET /api/v1/employees HTTP/1.1 200 - - 2 - node
::1 - Wed May 14 2025 21:45:58 GMT+0800 (Philippine Standard Time) - PUT /api/v1/employees/6 HTTP/1.1 200 236 - 4 - node
::1 - Wed May 14 2025 21:45:58 GMT+0800 (Philippine Standard Time) - GET /api/v1/employees HTTP/1.1 200 - - 2 - node
::1 - Wed May 14 2025 21:46:58 GMT+0800 (Philippine Standard Time) - DELETE /api/v1/employees/15 HTTP/1.1 200 16 - 5 - node
::1 - Wed May 14 2025 21:46:58 GMT+0800 (Philippine Standard Time) - GET /api/v1/employees HTTP/1.1 200 - - 1 - node
::1 - Wed May 14 2025 21:50:41 GMT+0800 (Philippine Standard Time) - GET /api/v1/employees HTTP/1.1 200 - - 2 - node
::1 - Wed May 14 2025 21:51:06 GMT+0800 (Philippine Standard Time) - GET /api/v1/employees HTTP/1.1 200 - - 2 - node
::1 - Wed May 14 2025 21:52:16 GMT+0800 (Philippine Standard Time) - GET /api/v1/employees HTTP/1.1 200 - - 4 - node
::1 - Wed May 14 2025 21:53:48 GMT+0800 (Philippine Standard Time) - GET /api/v1/employees HTTP/1.1 200 - - 2 - node
::1 - Wed May 14 2025 21:55:20 GMT+0800 (Philippine Standard Time) - GET /api/v1/employees HTTP/1.1 200 - - 2 - node
::1 - Wed May 14 2025 21:56:31 GMT+0800 (Philippine Standard Time) - GET /api/v1/employees HTTP/1.1 200 - - 6 - node
::1 - Wed May 14 2025 21:57:54 GMT+0800 (Philippine Standard Time) - GET /api/v1/employees HTTP/1.1 200 - - 2 - node
::1 - Thu May 15 2025 07:13:50 GMT+0800 (Philippine Standard Time) - GET / HTTP/1.1 404 35 - 2 - Mozilla/5.0 (Macintosh; Intel Mac OS X 10_15_7) AppleWebKit/537.36 (KHTML, like Gecko) Chrome/136.0.0.0 Safari/537.36
::1 - Thu May 15 2025 07:13:55 GMT+0800 (Philippine Standard Time) - GET /api/v1/employees HTTP/1.1 200 - - 6 - node
::1 - Thu May 15 2025 07:16:11 GMT+0800 (Philippine Standard Time) - GET /api/v1/employees HTTP/1.1 200 - - 8 - node
::1 - Thu May 15 2025 07:20:32 GMT+0800 (Philippine Standard Time) - GET /api/v1/employees HTTP/1.1 200 - - 9 - node
::1 - Thu May 15 2025 07:21:44 GMT+0800 (Philippine Standard Time) - GET /api/v1/employees HTTP/1.1 200 - - 8 - node
::1 - Thu May 15 2025 07:41:11 GMT+0800 (Philippine Standard Time) - GET /api/v1/employees HTTP/1.1 200 - - 8 - node
::1 - Thu May 15 2025 07:48:25 GMT+0800 (Philippine Standard Time) - GET /api/v1/employees HTTP/1.1 200 - - 6 - node
::1 - Thu May 15 2025 07:49:43 GMT+0800 (Philippine Standard Time) - GET /api/v1/employees HTTP/1.1 200 - - 7 - node
::1 - Thu May 15 2025 07:52:24 GMT+0800 (Philippine Standard Time) - GET /api/v1/employees HTTP/1.1 200 - - 7 - node
::1 - Thu May 15 2025 07:55:29 GMT+0800 (Philippine Standard Time) - GET /api/v1/employees HTTP/1.1 200 - - 6 - node
::1 - Thu May 15 2025 07:56:49 GMT+0800 (Philippine Standard Time) - GET /api/v1/employees HTTP/1.1 200 - - 6 - node
::1 - Thu May 15 2025 07:59:32 GMT+0800 (Philippine Standard Time) - GET /api/v1/employees HTTP/1.1 200 - - 6 - node
::1 - Thu May 15 2025 08:00:36 GMT+0800 (Philippine Standard Time) - GET /api/v1/employees HTTP/1.1 200 - - 7 - node
::1 - Thu May 15 2025 08:03:29 GMT+0800 (Philippine Standard Time) - GET /api/v1/employees HTTP/1.1 200 - - 3 - node
::1 - Thu May 15 2025 08:07:02 GMT+0800 (Philippine Standard Time) - GET /api/v1/employees HTTP/1.1 200 - - 6 - node
::1 - Thu May 15 2025 08:08:04 GMT+0800 (Philippine Standard Time) - GET /api/v1/employees HTTP/1.1 200 - - 2 - node
::1 - Thu May 15 2025 08:09:04 GMT+0800 (Philippine Standard Time) - GET /api/v1/employees HTTP/1.1 200 - - 4 - node
::1 - Thu May 15 2025 08:10:34 GMT+0800 (Philippine Standard Time) - GET /api/v1/employees HTTP/1.1 200 - - 8 - node
::1 - Thu May 15 2025 08:11:30 GMT+0800 (Philippine Standard Time) - DELETE /api/v1/employees/batch HTTP/1.1 500 53 - 12 - node
::1 - Thu May 15 2025 08:11:54 GMT+0800 (Philippine Standard Time) - GET /api/v1/employees HTTP/1.1 200 - - 3 - node
::1 - Thu May 15 2025 08:12:03 GMT+0800 (Philippine Standard Time) - DELETE /api/v1/employees/batch HTTP/1.1 500 53 - 9 - node
::1 - Thu May 15 2025 08:13:04 GMT+0800 (Philippine Standard Time) - GET /api/v1/employees HTTP/1.1 200 - - 3 - node
::1 - Thu May 15 2025 08:13:12 GMT+0800 (Philippine Standard Time) - DELETE /api/v1/employees/batch HTTP/1.1 500 53 - 10 - node
::1 - Thu May 15 2025 08:14:48 GMT+0800 (Philippine Standard Time) - GET /api/v1/employees HTTP/1.1 200 - - 2 - node
::1 - Thu May 15 2025 08:15:32 GMT+0800 (Philippine Standard Time) - DELETE /api/v1/employees/batch HTTP/1.1 500 53 - 12 - PostmanRuntime/7.43.4
::1 - Thu May 15 2025 08:16:43 GMT+0800 (Philippine Standard Time) - GET /api/v1/employees HTTP/1.1 200 - - 9 - node
::1 - Thu May 15 2025 08:16:45 GMT+0800 (Philippine Standard Time) - DELETE /api/v1/employees/batch HTTP/1.1 500 53 - 14 - PostmanRuntime/7.43.4
::1 - Thu May 15 2025 08:17:51 GMT+0800 (Philippine Standard Time) - GET /api/v1/employees HTTP/1.1 200 - - 9 - node
::1 - Thu May 15 2025 08:21:45 GMT+0800 (Philippine Standard Time) - POST /api/v1/employees HTTP/1.1 500 67 - 19 - PostmanRuntime/7.43.4
::1 - Thu May 15 2025 08:21:52 GMT+0800 (Philippine Standard Time) - POST /api/v1/employees HTTP/1.1 201 129 - 18 - PostmanRuntime/7.43.4
::1 - Thu May 15 2025 08:22:36 GMT+0800 (Philippine Standard Time) - DELETE /api/v1/employees/batch HTTP/1.1 500 53 - 13 - PostmanRuntime/7.43.4
::1 - Thu May 15 2025 08:22:52 GMT+0800 (Philippine Standard Time) - DELETE /api/v1/employees/batch HTTP/1.1 500 53 - 12 - PostmanRuntime/7.43.4
::1 - Thu May 15 2025 08:24:34 GMT+0800 (Philippine Standard Time) - GET /api/v1/employees HTTP/1.1 200 - - 9 - PostmanRuntime/7.43.4
::1 - Thu May 15 2025 08:26:12 GMT+0800 (Philippine Standard Time) - DELETE /api/v1/employees/batch HTTP/1.1 500 53 - 16 - PostmanRuntime/7.43.4
::1 - Thu May 15 2025 08:26:59 GMT+0800 (Philippine Standard Time) - DELETE /api/v1/employees/batch HTTP/1.1 500 53 - 12 - PostmanRuntime/7.43.4
::1 - Thu May 15 2025 08:30:23 GMT+0800 (Philippine Standard Time) - DELETE /api/v1/employees/batch HTTP/1.1 500 53 - 13 - PostmanRuntime/7.43.4
::1 - Thu May 15 2025 08:31:23 GMT+0800 (Philippine Standard Time) - DELETE /api/v1/employees HTTP/1.1 404 35 - 11 - PostmanRuntime/7.43.4
::1 - Thu May 15 2025 08:31:30 GMT+0800 (Philippine Standard Time) - DELETE /api/v1/employees/b HTTP/1.1 500 49 - 14 - PostmanRuntime/7.43.4
::1 - Thu May 15 2025 08:31:40 GMT+0800 (Philippine Standard Time) - DELETE /api/v1/employees/batch HTTP/1.1 500 53 - 13 - PostmanRuntime/7.43.4
::1 - Thu May 15 2025 08:31:56 GMT+0800 (Philippine Standard Time) - DELETE /api/v1/employees/batch HTTP/1.1 500 53 - 12 - PostmanRuntime/7.43.4
::1 - Thu May 15 2025 08:32:32 GMT+0800 (Philippine Standard Time) - DELETE /api/v1/employees/batch HTTP/1.1 500 53 - 11 - PostmanRuntime/7.43.4
::1 - Thu May 15 2025 08:33:14 GMT+0800 (Philippine Standard Time) - DELETE /api/v1/employees/batch HTTP/1.1 500 53 - 12 - PostmanRuntime/7.43.4
::1 - Thu May 15 2025 08:33:20 GMT+0800 (Philippine Standard Time) - POST /api/v1/employees/batch HTTP/1.1 200 14 - 11 - PostmanRuntime/7.43.4
::1 - Thu May 15 2025 08:35:03 GMT+0800 (Philippine Standard Time) - POST /api/v1/employees/batch HTTP/1.1 500 32 - 9 - PostmanRuntime/7.43.4
::1 - Thu May 15 2025 08:35:35 GMT+0800 (Philippine Standard Time) - POST /api/v1/employees/batch HTTP/1.1 500 160 - 14 - PostmanRuntime/7.43.4
::1 - Thu May 15 2025 08:40:12 GMT+0800 (Philippine Standard Time) - POST /api/v1/employees/batch HTTP/1.1 404 35 - 6 - PostmanRuntime/7.43.4
::1 - Thu May 15 2025 08:40:18 GMT+0800 (Philippine Standard Time) - POST /api/v1/employees/batch-delete HTTP/1.1 500 160 - 14 - PostmanRuntime/7.43.4
::1 - Thu May 15 2025 08:41:41 GMT+0800 (Philippine Standard Time) - POST /api/v1/employees/batch-delete HTTP/1.1 500 160 - 13 - PostmanRuntime/7.43.4
::1 - Thu May 15 2025 08:42:03 GMT+0800 (Philippine Standard Time) - POST /api/v1/employees/batch-delete HTTP/1.1 500 160 - 11 - PostmanRuntime/7.43.4
::1 - Thu May 15 2025 08:42:16 GMT+0800 (Philippine Standard Time) - POST /api/v1/employees/batch-delete HTTP/1.1 500 160 - 13 - PostmanRuntime/7.43.4
::1 - Thu May 15 2025 08:42:40 GMT+0800 (Philippine Standard Time) - POST /api/v1/employees/batch-delete HTTP/1.1 500 160 - 14 - PostmanRuntime/7.43.4
::1 - Thu May 15 2025 08:44:40 GMT+0800 (Philippine Standard Time) - GET / HTTP/1.1 404 35 - 3 - Mozilla/5.0 (Macintosh; Intel Mac OS X 10_15_7) AppleWebKit/537.36 (KHTML, like Gecko) Chrome/136.0.0.0 Safari/537.36
::1 - Thu May 15 2025 08:45:45 GMT+0800 (Philippine Standard Time) - POST /api/v1/employees/batch-delete HTTP/1.1 200 26 - 14 - PostmanRuntime/7.43.4
::1 - Thu May 15 2025 08:46:09 GMT+0800 (Philippine Standard Time) - GET /api/v1/employees HTTP/1.1 200 - - 8 - node
::1 - Thu May 15 2025 08:46:38 GMT+0800 (Philippine Standard Time) - GET /api/v1/employees HTTP/1.1 200 - - 7 - node
::1 - Thu May 15 2025 08:46:47 GMT+0800 (Philippine Standard Time) - DELETE /api/v1/employees/batch HTTP/1.1 500 53 - 13 - node
::1 - Thu May 15 2025 08:47:52 GMT+0800 (Philippine Standard Time) - GET /api/v1/employees HTTP/1.1 200 - - 18 - node
::1 - Thu May 15 2025 08:49:28 GMT+0800 (Philippine Standard Time) - GET /api/v1/employees HTTP/1.1 200 - - 6 - node
::1 - Thu May 15 2025 08:49:33 GMT+0800 (Philippine Standard Time) - GET /api/v1/employees HTTP/1.1 200 - - 7 - node
::1 - Thu May 15 2025 08:49:39 GMT+0800 (Philippine Standard Time) - DELETE /api/v1/employees/batch HTTP/1.1 500 53 - 14 - node
::1 - Thu May 15 2025 08:50:36 GMT+0800 (Philippine Standard Time) - GET /api/v1/employees HTTP/1.1 200 - - 5 - node
::1 - Thu May 15 2025 08:50:41 GMT+0800 (Philippine Standard Time) - GET /api/v1/employees HTTP/1.1 200 - - 3 - node
::1 - Thu May 15 2025 08:50:47 GMT+0800 (Philippine Standard Time) - DELETE /api/v1/employees/batch-delete HTTP/1.1 500 60 - 10 - node
::1 - Thu May 15 2025 08:51:38 GMT+0800 (Philippine Standard Time) - POST /api/v1/employees/batch-delete HTTP/1.1 200 26 - 15 - PostmanRuntime/7.43.4
::1 - Thu May 15 2025 08:52:04 GMT+0800 (Philippine Standard Time) - GET /api/v1/employees HTTP/1.1 200 - - 4 - node
::1 - Thu May 15 2025 08:52:13 GMT+0800 (Philippine Standard Time) - DELETE /api/v1/employees/batch-delete HTTP/1.1 500 60 - 11 - node
::1 - Thu May 15 2025 08:52:48 GMT+0800 (Philippine Standard Time) - POST /api/v1/employees/batch-delete HTTP/1.1 400 48 - 1 - node
::1 - Thu May 15 2025 08:53:47 GMT+0800 (Philippine Standard Time) - GET /api/v1/employees HTTP/1.1 200 - - 7 - node
::1 - Thu May 15 2025 08:53:52 GMT+0800 (Philippine Standard Time) - POST /api/v1/employees/batch-delete HTTP/1.1 400 48 - 9 - node
::1 - Thu May 15 2025 08:55:04 GMT+0800 (Philippine Standard Time) - GET /api/v1/employees HTTP/1.1 200 - - 8 - node
::1 - Thu May 15 2025 08:55:10 GMT+0800 (Philippine Standard Time) - POST /api/v1/employees/batch-delete HTTP/1.1 400 48 - 6 - node
::1 - Thu May 15 2025 08:56:08 GMT+0800 (Philippine Standard Time) - GET /api/v1/employees HTTP/1.1 200 - - 12 - node
::1 - Thu May 15 2025 08:56:17 GMT+0800 (Philippine Standard Time) - POST /api/v1/employees/batch-delete HTTP/1.1 200 26 - 12 - node
::1 - Thu May 15 2025 08:56:17 GMT+0800 (Philippine Standard Time) - GET /api/v1/employees HTTP/1.1 200 - - 5 - node
::1 - Thu May 15 2025 13:24:38 GMT+0800 (Philippine Standard Time) - GET / HTTP/1.1 404 35 - 3 - Mozilla/5.0 (Macintosh; Intel Mac OS X 10_15_7) AppleWebKit/537.36 (KHTML, like Gecko) Chrome/136.0.0.0 Safari/537.36
::1 - Thu May 15 2025 13:24:42 GMT+0800 (Philippine Standard Time) - GET /api/v1/employees HTTP/1.1 200 - - 18 - node
::1 - Thu May 15 2025 13:24:44 GMT+0800 (Philippine Standard Time) - GET / HTTP/1.1 404 35 - 2 - Mozilla/5.0 (Macintosh; Intel Mac OS X 10_15_7) AppleWebKit/537.36 (KHTML, like Gecko) Chrome/136.0.0.0 Safari/537.36
::1 - Thu May 15 2025 13:25:39 GMT+0800 (Philippine Standard Time) - GET /api/v1/employees HTTP/1.1 200 - - 22 - node
::1 - Thu May 15 2025 13:29:32 GMT+0800 (Philippine Standard Time) - GET /api/v1/employees HTTP/1.1 200 - - 9 - node
::1 - Thu May 15 2025 13:30:27 GMT+0800 (Philippine Standard Time) - GET / HTTP/1.1 404 35 - 3 - Mozilla/5.0 (Macintosh; Intel Mac OS X 10_15_7) AppleWebKit/537.36 (KHTML, like Gecko) Chrome/136.0.0.0 Safari/537.36
::1 - Thu May 15 2025 13:37:50 GMT+0800 (Philippine Standard Time) - GET /api/v1/employees HTTP/1.1 200 - - 9 - node
::1 - Thu May 15 2025 13:39:19 GMT+0800 (Philippine Standard Time) - GET /api/v1/employees HTTP/1.1 200 - - 8 - node
::1 - Thu May 15 2025 13:39:41 GMT+0800 (Philippine Standard Time) - GET /api/v1/employees HTTP/1.1 200 - - 7 - node
::1 - Thu May 15 2025 13:41:45 GMT+0800 (Philippine Standard Time) - GET /api/v1/employees HTTP/1.1 200 - - 3 - node
::1 - Thu May 15 2025 13:43:36 GMT+0800 (Philippine Standard Time) - GET /api/v1/employees HTTP/1.1 200 - - 13 - node
::1 - Thu May 15 2025 14:14:24 GMT+0800 (Philippine Standard Time) - GET /api/v1/employees HTTP/1.1 200 - - 4 - PostmanRuntime/7.43.4
::1 - Thu May 15 2025 14:14:35 GMT+0800 (Philippine Standard Time) - GET /api/v1/employees/10 HTTP/1.1 200 231 - 8 - PostmanRuntime/7.43.4
::1 - Thu May 15 2025 14:17:37 GMT+0800 (Philippine Standard Time) - GET /api/v1/employees/27 HTTP/1.1 200 236 - 3 - node
::1 - Thu May 15 2025 14:21:45 GMT+0800 (Philippine Standard Time) - GET /api/v1/employees/employees HTTP/1.1 500 30 - 6 - node
::1 - Thu May 15 2025 14:22:02 GMT+0800 (Philippine Standard Time) - GET /api/v1/employees/employees HTTP/1.1 500 30 - 6 - node
::1 - Thu May 15 2025 14:22:05 GMT+0800 (Philippine Standard Time) - GET /api/v1/employees/27 HTTP/1.1 200 236 - 3 - node
::1 - Thu May 15 2025 14:22:10 GMT+0800 (Philippine Standard Time) - GET /api/v1/employees HTTP/1.1 200 - - 3 - node
::1 - Thu May 15 2025 14:22:30 GMT+0800 (Philippine Standard Time) - GET /api/v1/employees HTTP/1.1 200 - - 4 - node
::1 - Thu May 15 2025 14:22:34 GMT+0800 (Philippine Standard Time) - GET /api/v1/employees/10 HTTP/1.1 200 231 - 11 - node
::1 - Thu May 15 2025 14:22:38 GMT+0800 (Philippine Standard Time) - GET /api/v1/employees HTTP/1.1 200 - - 2 - node
::1 - Thu May 15 2025 14:24:29 GMT+0800 (Philippine Standard Time) - GET /api/v1/employees HTTP/1.1 200 - - 2 - node
::1 - Thu May 15 2025 14:26:11 GMT+0800 (Philippine Standard Time) - GET /api/v1/employees HTTP/1.1 200 - - 2 - node
::1 - Thu May 15 2025 14:32:48 GMT+0800 (Philippine Standard Time) - GET /api/v1/employees HTTP/1.1 200 - - 3 - node
::1 - Thu May 15 2025 14:36:50 GMT+0800 (Philippine Standard Time) - GET /api/v1/employees HTTP/1.1 200 - - 2 - node
::1 - Thu May 15 2025 14:47:39 GMT+0800 (Philippine Standard Time) - GET /api/v1/employees HTTP/1.1 200 - - 2 - node
::1 - Thu May 15 2025 14:53:31 GMT+0800 (Philippine Standard Time) - GET /api/v1/employees HTTP/1.1 200 - - 2 - node
::1 - Thu May 15 2025 16:51:23 GMT+0800 (Philippine Standard Time) - GET /api/v1/groups HTTP/1.1 500 163 - 7 - PostmanRuntime/7.43.4
::1 - Thu May 15 2025 16:52:29 GMT+0800 (Philippine Standard Time) - GET /api/v1/groups HTTP/1.1 500 163 - 6 - PostmanRuntime/7.43.4
::1 - Thu May 15 2025 16:52:32 GMT+0800 (Philippine Standard Time) - GET /api/v1/groupss HTTP/1.1 404 35 - 1 - PostmanRuntime/7.43.4
::1 - Thu May 15 2025 16:52:35 GMT+0800 (Philippine Standard Time) - GET /api/v1/groups HTTP/1.1 500 163 - 3 - PostmanRuntime/7.43.4
::1 - Thu May 15 2025 16:52:49 GMT+0800 (Philippine Standard Time) - GET /api/v1/groups HTTP/1.1 200 299 - 8 - PostmanRuntime/7.43.4
::1 - Thu May 15 2025 17:08:29 GMT+0800 (Philippine Standard Time) - GET /api/v1/groups HTTP/1.1 500 238 - 8 - PostmanRuntime/7.43.4
::1 - Thu May 15 2025 17:09:48 GMT+0800 (Philippine Standard Time) - GET /api/v1/groups HTTP/1.1 500 238 - 9 - PostmanRuntime/7.43.4
::1 - Thu May 15 2025 17:10:34 GMT+0800 (Philippine Standard Time) - GET /api/v1/groups HTTP/1.1 200 270 - 10 - PostmanRuntime/7.43.4
::1 - Thu May 15 2025 17:12:12 GMT+0800 (Philippine Standard Time) - GET /api/v1/groups HTTP/1.1 200 270 - 10 - PostmanRuntime/7.43.4
::1 - Thu May 15 2025 17:15:41 GMT+0800 (Philippine Standard Time) - GET /api/v1/groups HTTP/1.1 500 40 - 6 - PostmanRuntime/7.43.4
::1 - Thu May 15 2025 17:16:02 GMT+0800 (Philippine Standard Time) - GET /api/v1/groups HTTP/1.1 500 40 - 12 - PostmanRuntime/7.43.4
::1 - Thu May 15 2025 17:16:10 GMT+0800 (Philippine Standard Time) - GET /api/v1/groups HTTP/1.1 200 270 - 11 - PostmanRuntime/7.43.4
::1 - Thu May 15 2025 17:16:43 GMT+0800 (Philippine Standard Time) - GET /api/v1/groups HTTP/1.1 200 313 - 9 - PostmanRuntime/7.43.4
::1 - Thu May 15 2025 17:17:27 GMT+0800 (Philippine Standard Time) - GET /api/v1/groups HTTP/1.1 200 301 - 11 - PostmanRuntime/7.43.4
::1 - Thu May 15 2025 17:20:14 GMT+0800 (Philippine Standard Time) - GET /api/v1/groups HTTP/1.1 200 223 - 10 - PostmanRuntime/7.43.4
::1 - Thu May 15 2025 18:39:39 GMT+0800 (Philippine Standard Time) - GET /api/v1/groups HTTP/1.1 200 223 - 9 - PostmanRuntime/7.43.4
::1 - Thu May 15 2025 18:40:08 GMT+0800 (Philippine Standard Time) - POST /api/v1/groups HTTP/1.1 500 159 - 7 - PostmanRuntime/7.43.4
::1 - Thu May 15 2025 18:40:27 GMT+0800 (Philippine Standard Time) - POST /api/v1/groups HTTP/1.1 201 33 - 17 - PostmanRuntime/7.43.4
::1 - Thu May 15 2025 18:40:45 GMT+0800 (Philippine Standard Time) - GET /api/v1/groups HTTP/1.1 200 294 - 10 - PostmanRuntime/7.43.4
::1 - Thu May 15 2025 18:42:28 GMT+0800 (Philippine Standard Time) - POST /api/v1/groups HTTP/1.1 400 49 - 2 - PostmanRuntime/7.43.4
::1 - Thu May 15 2025 18:42:42 GMT+0800 (Philippine Standard Time) - POST /api/v1/groups HTTP/1.1 201 23 - 16 - PostmanRuntime/7.43.4
::1 - Thu May 15 2025 18:42:47 GMT+0800 (Philippine Standard Time) - GET /api/v1/groups HTTP/1.1 200 368 - 11 - PostmanRuntime/7.43.4
::1 - Thu May 15 2025 18:49:56 GMT+0800 (Philippine Standard Time) - POST /api/v1/groups/ HTTP/1.1 500 66 - 15 - PostmanRuntime/7.43.4
::1 - Thu May 15 2025 18:50:20 GMT+0800 (Philippine Standard Time) - DELETE /api/v1/groups/ HTTP/1.1 404 35 - 11 - PostmanRuntime/7.43.4
::1 - Thu May 15 2025 18:50:32 GMT+0800 (Philippine Standard Time) - DELETE /api/v1/groups/123123 HTTP/1.1 500 27 - 14 - PostmanRuntime/7.43.4
::1 - Thu May 15 2025 18:50:53 GMT+0800 (Philippine Standard Time) - DELETE /api/v1/groups/042135f4-3179-11f0-ac50-d345de8915cd HTTP/1.1 200 16 - 15 - PostmanRuntime/7.43.4
::1 - Thu May 15 2025 18:50:58 GMT+0800 (Philippine Standard Time) - GET /api/v1/groups HTTP/1.1 200 297 - 7 - PostmanRuntime/7.43.4
::1 - Thu May 15 2025 18:58:49 GMT+0800 (Philippine Standard Time) - GET /api/v1/groups/1 HTTP/1.1 200 2 - 9 - PostmanRuntime/7.43.4
::1 - Thu May 15 2025 18:59:01 GMT+0800 (Philippine Standard Time) - GET /api/v1/groups HTTP/1.1 200 297 - 11 - PostmanRuntime/7.43.4
::1 - Thu May 15 2025 18:59:10 GMT+0800 (Philippine Standard Time) - GET /api/v1/groups/97692a4a-3167-11f0-ac50-d345de8915cd HTTP/1.1 200 149 - 11 - PostmanRuntime/7.43.4
::1 - Thu May 15 2025 18:59:17 GMT+0800 (Philippine Standard Time) - GET /api/v1/groups/97692a4a-3167-11f0-ac50-d HTTP/1.1 200 2 - 10 - PostmanRuntime/7.43.4
::1 - Thu May 15 2025 19:01:35 GMT+0800 (Philippine Standard Time) - GET /api/v1/groups/97692a4a-3167-11f0-ac50-d HTTP/1.1 200 2 - 9 - PostmanRuntime/7.43.4
::1 - Thu May 15 2025 19:03:54 GMT+0800 (Philippine Standard Time) - GET /api/v1/groups/97692a4a-3167-11f0-ac50-d HTTP/1.1 200 1 - 7 - PostmanRuntime/7.43.4
::1 - Thu May 15 2025 19:04:47 GMT+0800 (Philippine Standard Time) - GET /api/v1/employees HTTP/1.1 200 - - 12 - PostmanRuntime/7.43.4
::1 - Thu May 15 2025 19:04:56 GMT+0800 (Philippine Standard Time) - GET /api/v1/employees/1 HTTP/1.1 200 4 - 10 - PostmanRuntime/7.43.4
::1 - Thu May 15 2025 19:05:36 GMT+0800 (Philippine Standard Time) - GET /api/v1/employees/1 HTTP/1.1 500 30 - 10 - PostmanRuntime/7.43.4
::1 - Thu May 15 2025 19:07:08 GMT+0800 (Philippine Standard Time) - GET /api/v1/groups/97692a4a-3167-11f0-ac50-d HTTP/1.1 500 27 - 9 - PostmanRuntime/7.43.4
::1 - Thu May 15 2025 19:07:41 GMT+0800 (Philippine Standard Time) - GET /api/v1/groups/97692a4a-3167-11f0-ac50-d345de8915cd HTTP/1.1 200 1 - 11 - PostmanRuntime/7.43.4
::1 - Thu May 15 2025 19:08:14 GMT+0800 (Philippine Standard Time) - GET /api/v1/groups/97692a4a-3167-11f0-ac50-d345de8915cd HTTP/1.1 200 147 - 9 - PostmanRuntime/7.43.4
::1 - Thu May 15 2025 19:08:19 GMT+0800 (Philippine Standard Time) - GET /api/v1/groups/97692a4a-3167-11f0-ac50-d345de8915cd HTTP/1.1 200 147 - 5 - PostmanRuntime/7.43.4
::1 - Thu May 15 2025 19:08:29 GMT+0800 (Philippine Standard Time) - GET /api/v1/groups/97692a4a-3167-11f0-ac50-d345de8915cd HTTP/1.1 200 147 - 9 - PostmanRuntime/7.43.4
::1 - Thu May 15 2025 19:08:46 GMT+0800 (Philippine Standard Time) - GET /api/v1/employees/1 HTTP/1.1 500 30 - 10 - PostmanRuntime/7.43.4
::1 - Thu May 15 2025 19:08:49 GMT+0800 (Philippine Standard Time) - GET /api/v1/employees/10 HTTP/1.1 200 231 - 5 - PostmanRuntime/7.43.4
::1 - Thu May 15 2025 20:07:50 GMT+0800 (Philippine Standard Time) - GET /api/v1/groups/97692a4a-3167-11f0-ac50-d345de8915cd/options HTTP/1.1 200 224 - 10 - PostmanRuntime/7.43.4
::1 - Thu May 15 2025 20:08:57 GMT+0800 (Philippine Standard Time) - GET /api/v1/groups/97692a4a-3167-11f0-ac50-d345de8915cd/options HTTP/1.1 200 459 - 11 - PostmanRuntime/7.43.4
::1 - Thu May 15 2025 20:09:24 GMT+0800 (Philippine Standard Time) - GET /api/v1/groups HTTP/1.1 200 420 - 8 - PostmanRuntime/7.43.4
::1 - Thu May 15 2025 20:09:43 GMT+0800 (Philippine Standard Time) - GET /api/v1/groups/9/options HTTP/1.1 200 2 - 10 - PostmanRuntime/7.43.4
::1 - Thu May 15 2025 20:10:19 GMT+0800 (Philippine Standard Time) - GET /api/v1/groups/97692a4a-3167-11f0-ac50-d345de89152 HTTP/1.1 500 27 - 12 - PostmanRuntime/7.43.4
::1 - Thu May 15 2025 20:11:20 GMT+0800 (Philippine Standard Time) - GET /api/v1/groups/9/options HTTP/1.1 500 27 - 11 - PostmanRuntime/7.43.4
::1 - Thu May 15 2025 20:12:15 GMT+0800 (Philippine Standard Time) - GET /api/v1/groups/9769329c-3167-11f0-ac50-d345de8915cd/options HTTP/1.1 200 246 - 12 - PostmanRuntime/7.43.4
::1 - Thu May 15 2025 20:21:56 GMT+0800 (Philippine Standard Time) - POST /api/v1/groups/9769329c-3167-11f0-ac50-d345de8915cd/options HTTP/1.1 500 241 - 19 - PostmanRuntime/7.43.4
::1 - Thu May 15 2025 20:23:29 GMT+0800 (Philippine Standard Time) - POST /api/v1/groups/9769329c-3167-11f0-ac50-d345de8915cd/options HTTP/1.1 400 46 - 8 - PostmanRuntime/7.43.4
::1 - Thu May 15 2025 20:23:40 GMT+0800 (Philippine Standard Time) - POST /api/v1/groups/9769329c-3167-11f0-ac50-d345de8915cd/options HTTP/1.1 400 46 - 5 - PostmanRuntime/7.43.4
::1 - Thu May 15 2025 20:23:58 GMT+0800 (Philippine Standard Time) - POST /api/v1/groups/9769329c-3167-11f0-ac50-d345de8915cd/options HTTP/1.1 400 46 - 8 - PostmanRuntime/7.43.4
::1 - Thu May 15 2025 20:24:19 GMT+0800 (Philippine Standard Time) - POST /api/v1/groups/9769329c-3167-11f0-ac50-d345de8915cd/options HTTP/1.1 500 239 - 15 - PostmanRuntime/7.43.4
::1 - Thu May 15 2025 20:25:20 GMT+0800 (Philippine Standard Time) - POST /api/v1/groups/9769329c-3167-11f0-ac50-d345de8915cd/options HTTP/1.1 500 31 - 15 - PostmanRuntime/7.43.4
::1 - Thu May 15 2025 20:25:53 GMT+0800 (Philippine Standard Time) - POST /api/v1/groups/9769329c-3167-11f0-ac50-d345de8915cd/options HTTP/1.1 500 241 - 15 - PostmanRuntime/7.43.4
::1 - Thu May 15 2025 20:27:53 GMT+0800 (Philippine Standard Time) - POST /api/v1/groups/9769329c-3167-11f0-ac50-d345de8915cd/options HTTP/1.1 500 55 - 17 - PostmanRuntime/7.43.4
::1 - Thu May 15 2025 20:30:30 GMT+0800 (Philippine Standard Time) - POST /api/v1/groups/9769329c-3167-11f0-ac50-d345de8915cd/options HTTP/1.1 500 84 - 11 - PostmanRuntime/7.43.4
::1 - Thu May 15 2025 20:32:06 GMT+0800 (Philippine Standard Time) - GET /api/v1/groups/97692a4a-3167-11f0-ac50-d345de89152 HTTP/1.1 500 27 - 9 - PostmanRuntime/7.43.4
::1 - Thu May 15 2025 20:32:12 GMT+0800 (Philippine Standard Time) - GET /api/v1/groups HTTP/1.1 200 420 - 12 - PostmanRuntime/7.43.4
::1 - Thu May 15 2025 20:32:27 GMT+0800 (Philippine Standard Time) - GET /api/v1/groups/97692a4a-3167-11f0-ac50-d345de8915cd HTTP/1.1 200 147 - 11 - PostmanRuntime/7.43.4
::1 - Thu May 15 2025 20:32:42 GMT+0800 (Philippine Standard Time) - POST /api/v1/groups/9769329c-3167-11f0-ac50-d345de8915cd/options HTTP/1.1 500 84 - 13 - PostmanRuntime/7.43.4
::1 - Thu May 15 2025 20:33:11 GMT+0800 (Philippine Standard Time) - POST /api/v1/groups/9769329c-3167-11f0-ac50-d345de8915cd/options HTTP/1.1 500 31 - 19 - PostmanRuntime/7.43.4
::1 - Thu May 15 2025 20:33:59 GMT+0800 (Philippine Standard Time) - POST /api/v1/groups/9769329c-3167-11f0-ac50-d345de8915cd/options HTTP/1.1 500 108 - 15 - PostmanRuntime/7.43.4
::1 - Thu May 15 2025 20:34:11 GMT+0800 (Philippine Standard Time) - POST /api/v1/groups/9769329c-3167-11f0-ac50-d345de8915cd/options HTTP/1.1 200 66 - 18 - PostmanRuntime/7.43.4
::1 - Thu May 15 2025 20:34:47 GMT+0800 (Philippine Standard Time) - POST /api/v1/groups/9769329c-3167-11f0-ac50-d345de8915cd/options HTTP/1.1 200 68 - 19 - PostmanRuntime/7.43.4
::1 - Thu May 15 2025 20:35:06 GMT+0800 (Philippine Standard Time) - POST /api/v1/groups/9769329c-3167-11f0-ac50-d345de8915cd/options HTTP/1.1 200 71 - 15 - PostmanRuntime/7.43.4
::1 - Thu May 15 2025 20:38:35 GMT+0800 (Philippine Standard Time) - POST /api/v1/groups/9769329c-3167-11f0-ac50-d345de8915cd/options HTTP/1.1 500 37 - 13 - PostmanRuntime/7.43.4
::1 - Thu May 15 2025 20:39:52 GMT+0800 (Philippine Standard Time) - POST /api/v1/groups/9769329c-3167-11f0-ac50-d345de8915cd/options HTTP/1.1 200 76 - 19 - PostmanRuntime/7.43.4
::1 - Thu May 15 2025 20:40:19 GMT+0800 (Philippine Standard Time) - POST /api/v1/groups/9769329c-3167-11f0-ac50-d345de8915cd/options HTTP/1.1 200 80 - 14 - PostmanRuntime/7.43.4
::1 - Thu May 15 2025 20:41:18 GMT+0800 (Philippine Standard Time) - POST /api/v1/groups/9769329c-3167-11f0-ac50-d345de8915cd/options HTTP/1.1 200 84 - 17 - PostmanRuntime/7.43.4
::1 - Thu May 15 2025 20:42:29 GMT+0800 (Philippine Standard Time) - POST /api/v1/groups/9769329c-3167-11f0-ac50-d345de8915cd/options HTTP/1.1 200 124 - 16 - PostmanRuntime/7.43.4
::1 - Thu May 15 2025 20:47:41 GMT+0800 (Philippine Standard Time) - POST /api/v1/groups/9769329c-3167-11f0-ac50-d345de8915cd/options HTTP/1.1 200 101 - 17 - PostmanRuntime/7.43.4
::1 - Thu May 15 2025 20:51:35 GMT+0800 (Philippine Standard Time) - GET /api/v1/groups/9769329c-3167-11f0-ac50-d345de8915cd/options HTTP/1.1 200 - - 11 - PostmanRuntime/7.43.4
::1 - Thu May 15 2025 20:55:48 GMT+0800 (Philippine Standard Time) - DELETE /api/v1/groups/9769329c-3167-11f0-ac50-d345de8915cd/options/adas HTTP/1.1 500 37 - 11 - PostmanRuntime/7.43.4
::1 - Thu May 15 2025 20:56:06 GMT+0800 (Philippine Standard Time) - DELETE /api/v1/groups/9769329c-3167-11f0-ac50-d345de8915cd/options/07fd38fc-3189-11f0-ac50-d345de8915cd HTTP/1.1 200 16 - 12 - PostmanRuntime/7.43.4
::1 - Thu May 15 2025 20:56:09 GMT+0800 (Philippine Standard Time) - DELETE /api/v1/groups/9769329c-3167-11f0-ac50-d345de8915cd/options/07fd38fc-3189-11f0-ac50-d345de8915cd HTTP/1.1 500 37 - 4 - PostmanRuntime/7.43.4
::1 - Thu May 15 2025 20:56:14 GMT+0800 (Philippine Standard Time) - GET /api/v1/groups/9769329c-3167-11f0-ac50-d345de8915cd/options HTTP/1.1 200 - - 14 - PostmanRuntime/7.43.4
::1 - Thu May 15 2025 20:56:31 GMT+0800 (Philippine Standard Time) - DELETE /api/v1/groups/9769329c-3167-11f0-ac50-d345de8915cd/options/406bccb2-5025-4827-89d8-055427bea8cb HTTP/1.1 200 16 - 12 - PostmanRuntime/7.43.4
::1 - Thu May 15 2025 21:05:56 GMT+0800 (Philippine Standard Time) - GET /api/v1/groups/9769329c-3167-11f0-ac50-d345de8915cd/options HTTP/1.1 200 - - 10 - PostmanRuntime/7.43.4
::1 - Thu May 15 2025 21:06:38 GMT+0800 (Philippine Standard Time) - PUT /api/v1/groups/9769329c-3167-11f0-ac50-d345de8915cd/options/406bccb2-5025-4827-89d8-055427bea8cb HTTP/1.1 500 238 - 21 - PostmanRuntime/7.43.4
::1 - Thu May 15 2025 21:11:52 GMT+0800 (Philippine Standard Time) - PUT /api/v1/groups/9769329c-3167-11f0-ac50-d345de8915cd/options/406bccb2-5025-4827-89d8-055427bea8cb HTTP/1.1 500 37 - 20 - PostmanRuntime/7.43.4
::1 - Thu May 15 2025 21:12:03 GMT+0800 (Philippine Standard Time) - GET /api/v1/groups/9769329c-3167-11f0-ac50-d345de8915cd/options HTTP/1.1 200 - - 11 - PostmanRuntime/7.43.4
::1 - Thu May 15 2025 21:12:25 GMT+0800 (Philippine Standard Time) - PUT /api/v1/groups/9769329c-3167-11f0-ac50-d345de8915cd/options/6457cea8-f82e-48ab-ab34-c01dc59f565c HTTP/1.1 200 263 - 24 - PostmanRuntime/7.43.4
::1 - Thu May 15 2025 21:12:35 GMT+0800 (Philippine Standard Time) - GET /api/v1/groups/9769329c-3167-11f0-ac50-d345de8915cd/options HTTP/1.1 200 - - 13 - PostmanRuntime/7.43.4
::1 - Thu May 15 2025 21:13:11 GMT+0800 (Philippine Standard Time) - PUT /api/v1/groups/9769329c-3167-11f0-ac50-d345de8915cd/options/6457cea8-f82e-48ab-ab34-c01dc59f565c HTTP/1.1 200 257 - 20 - PostmanRuntime/7.43.4
::1 - Thu May 15 2025 21:13:19 GMT+0800 (Philippine Standard Time) - GET /api/v1/groups HTTP/1.1 200 847 - 9 - PostmanRuntime/7.43.4
::1 - Thu May 15 2025 21:14:25 GMT+0800 (Philippine Standard Time) - PUT /api/v1/groups/9769329c-3167-11f0-ac50-d345de8915cd HTTP/1.1 500 238 - 12 - PostmanRuntime/7.43.4
::1 - Thu May 15 2025 21:14:47 GMT+0800 (Philippine Standard Time) - PUT /api/v1/groups/9769329c-3167-11f0-ac50-d345de8915cd HTTP/1.1 200 149 - 19 - PostmanRuntime/7.43.4
::1 - Thu May 15 2025 21:14:55 GMT+0800 (Philippine Standard Time) - GET /api/v1/groups HTTP/1.1 200 842 - 11 - PostmanRuntime/7.43.4
::1 - Thu May 15 2025 21:16:07 GMT+0800 (Philippine Standard Time) - GET /api/v1/groups/9769329c-3167-11f0-ac50-d345de8915cd HTTP/1.1 200 144 - 11 - PostmanRuntime/7.43.4
::1 - Thu May 15 2025 21:16:58 GMT+0800 (Philippine Standard Time) - PUT /api/v1/groups/9769329c-3167-11f0-ac50-d345de8915cd HTTP/1.1 200 144 - 20 - PostmanRuntime/7.43.4
::1 - Thu May 15 2025 21:21:25 GMT+0800 (Philippine Standard Time) - PUT /api/v1/groups/9769329c-3167-11f0-ac50-d345de8915cd HTTP/1.1 200 141 - 15 - PostmanRuntime/7.43.4
::1 - Thu May 15 2025 21:34:41 GMT+0800 (Philippine Standard Time) - GET / HTTP/1.1 404 35 - 4 - Mozilla/5.0 (Macintosh; Intel Mac OS X 10_15_7) AppleWebKit/537.36 (KHTML, like Gecko) Chrome/136.0.0.0 Safari/537.36
::1 - Thu May 15 2025 21:34:44 GMT+0800 (Philippine Standard Time) - GET /api/v1/employees HTTP/1.1 200 - - 6 - node
::1 - Thu May 15 2025 21:34:44 GMT+0800 (Philippine Standard Time) - GET /api/v1/employees HTTP/1.1 200 - - 2 - node
::1 - Fri May 16 2025 17:25:12 GMT+0800 (Philippine Standard Time) - GET / HTTP/1.1 404 35 - 3 - Mozilla/5.0 (Macintosh; Intel Mac OS X 10_15_7) AppleWebKit/537.36 (KHTML, like Gecko) Chrome/136.0.0.0 Safari/537.36
::1 - Fri May 16 2025 17:25:15 GMT+0800 (Philippine Standard Time) - GET /api/v1/employees HTTP/1.1 200 - - 18 - node
::1 - Fri May 16 2025 17:26:29 GMT+0800 (Philippine Standard Time) - GET /api/v1/employees HTTP/1.1 200 - - 11 - node
::1 - Fri May 16 2025 17:27:58 GMT+0800 (Philippine Standard Time) - GET /api/v1/employees HTTP/1.1 200 - - 8 - node
::1 - Fri May 16 2025 17:29:22 GMT+0800 (Philippine Standard Time) - GET /api/v1/employees HTTP/1.1 200 - - 6 - node
::1 - Fri May 16 2025 17:30:50 GMT+0800 (Philippine Standard Time) - GET /api/v1/employees HTTP/1.1 200 - - 7 - node
::1 - Fri May 16 2025 17:31:25 GMT+0800 (Philippine Standard Time) - GET /api/v1/employees HTTP/1.1 200 - - 9 - node
::1 - Fri May 16 2025 17:32:46 GMT+0800 (Philippine Standard Time) - GET /api/v1/employees HTTP/1.1 200 - - 2 - node
::1 - Fri May 16 2025 17:32:46 GMT+0800 (Philippine Standard Time) - GET /api/v1/employees HTTP/1.1 200 - - 7 - node
::1 - Fri May 16 2025 17:33:18 GMT+0800 (Philippine Standard Time) - POST /api/v1/employees HTTP/1.1 201 130 - 10 - node
::1 - Fri May 16 2025 17:33:18 GMT+0800 (Philippine Standard Time) - GET /api/v1/employees HTTP/1.1 200 - - 2 - node
::1 - Fri May 16 2025 17:33:57 GMT+0800 (Philippine Standard Time) - GET /api/v1/employees HTTP/1.1 200 - - 4 - PostmanRuntime/7.43.4
::1 - Fri May 16 2025 17:34:22 GMT+0800 (Philippine Standard Time) - GET /api/v1/employees HTTP/1.1 200 - - 2 - node
::1 - Fri May 16 2025 17:35:25 GMT+0800 (Philippine Standard Time) - GET /api/v1/employees HTTP/1.1 200 - - 17 - node
::1 - Fri May 16 2025 17:36:04 GMT+0800 (Philippine Standard Time) - POST /api/v1/employees HTTP/1.1 201 133 - 11 - node
::1 - Fri May 16 2025 17:36:04 GMT+0800 (Philippine Standard Time) - GET /api/v1/employees HTTP/1.1 200 - - 8 - node
::1 - Fri May 16 2025 17:36:34 GMT+0800 (Philippine Standard Time) - PUT /api/v1/employees/43 HTTP/1.1 200 236 - 22 - node
::1 - Fri May 16 2025 17:36:34 GMT+0800 (Philippine Standard Time) - GET /api/v1/employees HTTP/1.1 200 - - 3 - node
::1 - Fri May 16 2025 17:36:45 GMT+0800 (Philippine Standard Time) - DELETE /api/v1/employees/43 HTTP/1.1 200 16 - 8 - node
::1 - Fri May 16 2025 17:36:45 GMT+0800 (Philippine Standard Time) - GET /api/v1/employees HTTP/1.1 200 - - 5 - node
::1 - Fri May 16 2025 18:13:47 GMT+0800 (Philippine Standard Time) - GET /api/v1/employees HTTP/1.1 200 - - 13 - node
::1 - Fri May 16 2025 18:15:08 GMT+0800 (Philippine Standard Time) - GET /api/v1/employees HTTP/1.1 200 - - 7 - node
::1 - Fri May 16 2025 18:18:20 GMT+0800 (Philippine Standard Time) - GET /api/v1/employees HTTP/1.1 200 - - 8 - node
::1 - Fri May 16 2025 18:18:20 GMT+0800 (Philippine Standard Time) - GET /api/v1/employees HTTP/1.1 200 - - 3 - node
::1 - Fri May 16 2025 18:18:42 GMT+0800 (Philippine Standard Time) - GET /api/v1/employees HTTP/1.1 200 - - 8 - node
::1 - Fri May 16 2025 18:20:19 GMT+0800 (Philippine Standard Time) - GET /api/v1/employees HTTP/1.1 200 - - 6 - node
::1 - Fri May 16 2025 18:28:02 GMT+0800 (Philippine Standard Time) - GET /api/v1/groups HTTP/1.1 200 839 - 14 - PostmanRuntime/7.43.4
::1 - Fri May 16 2025 18:44:26 GMT+0800 (Philippine Standard Time) - GET /api/v1/groups/9769329c-3167-11f0-ac50-d345de8915cd/options HTTP/1.1 200 - - 7 - PostmanRuntime/7.43.4
::1 - Fri May 16 2025 18:46:21 GMT+0800 (Philippine Standard Time) - GET /api/v1/groups HTTP/1.1 500 240 - 8 - PostmanRuntime/7.43.4
::1 - Fri May 16 2025 18:47:53 GMT+0800 (Philippine Standard Time) - GET /api/v1/groups HTTP/1.1 200 - - 8 - PostmanRuntime/7.43.4
::1 - Fri May 16 2025 18:48:19 GMT+0800 (Philippine Standard Time) - GET /api/v1/groups HTTP/1.1 200 1019 - 9 - PostmanRuntime/7.43.4
::1 - Fri May 16 2025 18:48:33 GMT+0800 (Philippine Standard Time) - GET /api/v1/groups HTTP/1.1 200 - - 10 - PostmanRuntime/7.43.4
::1 - Fri May 16 2025 18:48:53 GMT+0800 (Philippine Standard Time) - GET /api/v1/groups HTTP/1.1 200 - - 11 - PostmanRuntime/7.43.4
::1 - Fri May 16 2025 18:56:24 GMT+0800 (Philippine Standard Time) - GET /api/v1/groups HTTP/1.1 200 - - 8 - node
::1 - Fri May 16 2025 18:56:26 GMT+0800 (Philippine Standard Time) - GET /api/v1/groups HTTP/1.1 200 - - 3 - node
::1 - Fri May 16 2025 18:56:31 GMT+0800 (Philippine Standard Time) - GET /api/v1/groups HTTP/1.1 200 - - 8 - node
::1 - Fri May 16 2025 18:57:15 GMT+0800 (Philippine Standard Time) - GET /api/v1/groups HTTP/1.1 200 - - 6 - node
::1 - Fri May 16 2025 18:57:19 GMT+0800 (Philippine Standard Time) - GET /api/v1/groups HTTP/1.1 200 - - 7 - node
::1 - Fri May 16 2025 18:57:22 GMT+0800 (Philippine Standard Time) - GET /api/v1/groups HTTP/1.1 200 - - 3 - node
::1 - Fri May 16 2025 18:57:26 GMT+0800 (Philippine Standard Time) - GET /api/v1/groups HTTP/1.1 200 - - 6 - node
::1 - Fri May 16 2025 18:58:00 GMT+0800 (Philippine Standard Time) - GET /api/v1/groups HTTP/1.1 200 - - 8 - node
::1 - Fri May 16 2025 18:58:01 GMT+0800 (Philippine Standard Time) - GET /api/v1/groups HTTP/1.1 200 - - 2 - node
::1 - Fri May 16 2025 18:58:07 GMT+0800 (Philippine Standard Time) - GET /api/v1/groups HTTP/1.1 200 - - 7 - node
::1 - Fri May 16 2025 18:58:59 GMT+0800 (Philippine Standard Time) - GET /api/v1/groups HTTP/1.1 200 - - 3 - node
::1 - Fri May 16 2025 18:59:00 GMT+0800 (Philippine Standard Time) - GET /api/v1/groups HTTP/1.1 200 - - 2 - node
::1 - Fri May 16 2025 18:59:03 GMT+0800 (Philippine Standard Time) - GET /api/v1/groups HTTP/1.1 200 - - 2 - node
::1 - Fri May 16 2025 18:59:07 GMT+0800 (Philippine Standard Time) - GET /api/v1/groups HTTP/1.1 200 - - 2 - node
::1 - Fri May 16 2025 18:59:28 GMT+0800 (Philippine Standard Time) - GET /api/v1/groups HTTP/1.1 200 - - 2 - node
::1 - Fri May 16 2025 18:59:30 GMT+0800 (Philippine Standard Time) - GET /api/v1/groups HTTP/1.1 200 - - 2 - node
::1 - Fri May 16 2025 18:59:32 GMT+0800 (Philippine Standard Time) - GET /api/v1/groups HTTP/1.1 200 - - 2 - node
::1 - Fri May 16 2025 18:59:36 GMT+0800 (Philippine Standard Time) - GET /api/v1/groups HTTP/1.1 200 - - 3 - node
::1 - Fri May 16 2025 19:01:07 GMT+0800 (Philippine Standard Time) - GET /api/v1/groups HTTP/1.1 200 - - 3 - node
::1 - Fri May 16 2025 19:04:14 GMT+0800 (Philippine Standard Time) - GET /api/v1/groups HTTP/1.1 200 - - 3 - node
::1 - Fri May 16 2025 19:05:02 GMT+0800 (Philippine Standard Time) - GET /api/v1/groups HTTP/1.1 200 - - 19 - node
::1 - Fri May 16 2025 19:06:55 GMT+0800 (Philippine Standard Time) - GET /api/v1/groups HTTP/1.1 200 - - 3 - node
::1 - Fri May 16 2025 19:08:14 GMT+0800 (Philippine Standard Time) - GET /api/v1/groups HTTP/1.1 200 - - 2 - node
::1 - Fri May 16 2025 19:09:04 GMT+0800 (Philippine Standard Time) - GET /api/v1/employees HTTP/1.1 200 - - 3 - node
::1 - Fri May 16 2025 19:09:18 GMT+0800 (Philippine Standard Time) - GET /api/v1/groups HTTP/1.1 200 - - 2 - node
::1 - Fri May 16 2025 19:12:55 GMT+0800 (Philippine Standard Time) - GET /api/v1/groups HTTP/1.1 200 - - 3 - node
::1 - Fri May 16 2025 19:14:02 GMT+0800 (Philippine Standard Time) - GET /api/v1/groups HTTP/1.1 200 - - 3 - node
::1 - Fri May 16 2025 19:51:24 GMT+0800 (Philippine Standard Time) - GET /api/v1/groups HTTP/1.1 200 - - 2 - node
::1 - Fri May 16 2025 19:51:32 GMT+0800 (Philippine Standard Time) - GET /api/v1/groups HTTP/1.1 200 - - 3 - node
::1 - Fri May 16 2025 19:54:41 GMT+0800 (Philippine Standard Time) - GET /api/v1/groups HTTP/1.1 200 - - 2 - node
::1 - Fri May 16 2025 19:56:35 GMT+0800 (Philippine Standard Time) - GET /api/v1/groups HTTP/1.1 200 - - 2 - node
::1 - Fri May 16 2025 19:57:44 GMT+0800 (Philippine Standard Time) - GET /api/v1/groups HTTP/1.1 200 - - 10 - node
::1 - Fri May 16 2025 19:59:16 GMT+0800 (Philippine Standard Time) - GET /api/v1/groups HTTP/1.1 200 - - 3 - node
::1 - Fri May 16 2025 20:09:39 GMT+0800 (Philippine Standard Time) - GET /api/v1/groups HTTP/1.1 200 - - 3 - node
::1 - Fri May 16 2025 20:11:43 GMT+0800 (Philippine Standard Time) - GET /api/v1/groups HTTP/1.1 200 - - 4 - node
::1 - Fri May 16 2025 20:13:09 GMT+0800 (Philippine Standard Time) - GET /api/v1/groups HTTP/1.1 200 - - 2 - node
::1 - Fri May 16 2025 20:15:50 GMT+0800 (Philippine Standard Time) - GET /api/v1/groups HTTP/1.1 200 - - 6 - node
::1 - Fri May 16 2025 20:20:16 GMT+0800 (Philippine Standard Time) - GET /api/v1/groups HTTP/1.1 200 - - 2 - node
::1 - Fri May 16 2025 20:22:13 GMT+0800 (Philippine Standard Time) - GET /api/v1/groups HTTP/1.1 200 - - 2 - node
::1 - Fri May 16 2025 20:23:34 GMT+0800 (Philippine Standard Time) - GET /api/v1/groups HTTP/1.1 200 - - 2 - node
::1 - Fri May 16 2025 20:24:42 GMT+0800 (Philippine Standard Time) - POST /api/v1/groups HTTP/1.1 201 22 - 18 - PostmanRuntime/7.43.4
::1 - Fri May 16 2025 20:24:57 GMT+0800 (Philippine Standard Time) - GET /api/v1/groups HTTP/1.1 200 - - 2 - node
::1 - Fri May 16 2025 20:26:01 GMT+0800 (Philippine Standard Time) - GET /api/v1/groups HTTP/1.1 200 - - 2 - node
::1 - Fri May 16 2025 20:26:08 GMT+0800 (Philippine Standard Time) - GET /api/v1/groups HTTP/1.1 200 - - 3 - PostmanRuntime/7.43.4
::1 - Fri May 16 2025 20:27:05 GMT+0800 (Philippine Standard Time) - GET /api/v1/groups HTTP/1.1 200 - - 7 - node
::1 - Fri May 16 2025 20:27:16 GMT+0800 (Philippine Standard Time) - POST /api/v1/groups HTTP/1.1 201 61 - 16 - PostmanRuntime/7.43.4
::1 - Fri May 16 2025 20:28:14 GMT+0800 (Philippine Standard Time) - GET /api/v1/groups HTTP/1.1 200 - - 8 - node
::1 - Fri May 16 2025 20:34:10 GMT+0800 (Philippine Standard Time) - GET /api/v1/groups HTTP/1.1 200 - - 7 - node
::1 - Fri May 16 2025 20:36:17 GMT+0800 (Philippine Standard Time) - GET /api/v1/groups HTTP/1.1 200 - - 8 - node
::1 - Fri May 16 2025 20:40:06 GMT+0800 (Philippine Standard Time) - GET /api/v1/groups HTTP/1.1 200 - - 11 - node
::1 - Fri May 16 2025 20:41:29 GMT+0800 (Philippine Standard Time) - GET /api/v1/groups HTTP/1.1 200 - - 12 - node
::1 - Fri May 16 2025 20:45:12 GMT+0800 (Philippine Standard Time) - GET /api/v1/groups HTTP/1.1 200 - - 3 - node
::1 - Fri May 16 2025 20:47:21 GMT+0800 (Philippine Standard Time) - GET /api/v1/groups HTTP/1.1 200 - - 10 - node
::1 - Fri May 16 2025 20:49:48 GMT+0800 (Philippine Standard Time) - GET /api/v1/groups HTTP/1.1 200 - - 5 - node
::1 - Fri May 16 2025 20:50:40 GMT+0800 (Philippine Standard Time) - POST /api/v1/groups HTTP/1.1 201 62 - 15 - node
::1 - Fri May 16 2025 20:50:40 GMT+0800 (Philippine Standard Time) - GET /api/v1/groups HTTP/1.1 200 - - 2 - node
::1 - Fri May 16 2025 20:51:42 GMT+0800 (Philippine Standard Time) - GET /api/v1/groups HTTP/1.1 200 - - 7 - node
::1 - Fri May 16 2025 20:51:45 GMT+0800 (Philippine Standard Time) - GET /api/v1/groups HTTP/1.1 200 - - 4 - node
::1 - Fri May 16 2025 20:51:59 GMT+0800 (Philippine Standard Time) - POST /api/v1/groups HTTP/1.1 201 62 - 12 - node
::1 - Fri May 16 2025 20:51:59 GMT+0800 (Philippine Standard Time) - GET /api/v1/groups HTTP/1.1 200 - - 3 - node
::1 - Fri May 16 2025 20:53:19 GMT+0800 (Philippine Standard Time) - GET /api/v1/groups HTTP/1.1 200 - - 10 - node
::1 - Fri May 16 2025 20:54:28 GMT+0800 (Philippine Standard Time) - GET /api/v1/groups HTTP/1.1 200 - - 12 - node
::1 - Fri May 16 2025 20:54:53 GMT+0800 (Philippine Standard Time) - POST /api/v1/groups HTTP/1.1 201 64 - 13 - node
::1 - Fri May 16 2025 20:54:53 GMT+0800 (Philippine Standard Time) - GET /api/v1/groups HTTP/1.1 200 - - 3 - node
::1 - Fri May 16 2025 20:55:39 GMT+0800 (Philippine Standard Time) - POST /api/v1/groups HTTP/1.1 201 61 - 18 - node
::1 - Fri May 16 2025 20:55:39 GMT+0800 (Philippine Standard Time) - GET /api/v1/groups HTTP/1.1 200 - - 3 - node
::1 - Fri May 16 2025 20:56:43 GMT+0800 (Philippine Standard Time) - GET /api/v1/groups HTTP/1.1 200 - - 10 - node
::1 - Fri May 16 2025 20:59:45 GMT+0800 (Philippine Standard Time) - GET /api/v1/groups HTTP/1.1 200 - - 7 - node
::1 - Fri May 16 2025 20:59:52 GMT+0800 (Philippine Standard Time) - GET /api/v1/groups HTTP/1.1 200 - - 7 - node
::1 - Fri May 16 2025 21:00:18 GMT+0800 (Philippine Standard Time) - GET /api/v1/groups HTTP/1.1 200 - - 8 - node
::1 - Fri May 16 2025 21:01:24 GMT+0800 (Philippine Standard Time) - GET /api/v1/groups HTTP/1.1 200 - - 3 - node
::1 - Fri May 16 2025 21:03:33 GMT+0800 (Philippine Standard Time) - GET /api/v1/groups HTTP/1.1 200 - - 4 - node
::1 - Fri May 16 2025 21:03:56 GMT+0800 (Philippine Standard Time) - POST /api/v1/groups HTTP/1.1 201 64 - 3 - node
::1 - Fri May 16 2025 21:03:56 GMT+0800 (Philippine Standard Time) - GET /api/v1/groups HTTP/1.1 200 - - 2 - node
::1 - Fri May 16 2025 21:05:16 GMT+0800 (Philippine Standard Time) - GET /api/v1/groups HTTP/1.1 200 - - 3 - node
::1 - Fri May 16 2025 21:07:24 GMT+0800 (Philippine Standard Time) - GET /api/v1/groups HTTP/1.1 200 - - 10 - node
::1 - Fri May 16 2025 21:10:48 GMT+0800 (Philippine Standard Time) - GET /api/v1/groups HTTP/1.1 200 - - 2 - node
::1 - Fri May 16 2025 21:10:48 GMT+0800 (Philippine Standard Time) - GET /api/v1/groups HTTP/1.1 200 - - 2 - node
::1 - Fri May 16 2025 21:22:41 GMT+0800 (Philippine Standard Time) - GET /api/v1/groups HTTP/1.1 200 - - 4 - node
::1 - Fri May 16 2025 21:25:15 GMT+0800 (Philippine Standard Time) - GET /api/v1/groups HTTP/1.1 200 - - 2 - node
::1 - Fri May 16 2025 21:25:26 GMT+0800 (Philippine Standard Time) - GET /api/v1/groups HTTP/1.1 200 - - 3 - PostmanRuntime/7.43.4
::1 - Fri May 16 2025 21:25:41 GMT+0800 (Philippine Standard Time) - DELETE /api/v1/groups/9769329c-3167-11f0-ac50-d345de8915cd HTTP/1.1 200 16 - 16 - PostmanRuntime/7.43.4
::1 - Fri May 16 2025 21:26:17 GMT+0800 (Philippine Standard Time) - GET /api/v1/groups HTTP/1.1 200 878 - 2 - node
::1 - Fri May 16 2025 21:27:49 GMT+0800 (Philippine Standard Time) - GET /api/v1/groups HTTP/1.1 200 878 - 2 - node
::1 - Fri May 16 2025 21:28:50 GMT+0800 (Philippine Standard Time) - GET /api/v1/groups HTTP/1.1 200 878 - 3 - node
::1 - Fri May 16 2025 21:31:15 GMT+0800 (Philippine Standard Time) - GET /api/v1/groups HTTP/1.1 200 878 - 3 - node
::1 - Fri May 16 2025 21:32:32 GMT+0800 (Philippine Standard Time) - GET /api/v1/groups HTTP/1.1 200 878 - 5 - node
::1 - Fri May 16 2025 21:33:43 GMT+0800 (Philippine Standard Time) - GET /api/v1/groups HTTP/1.1 200 878 - 2 - node
::1 - Fri May 16 2025 21:34:48 GMT+0800 (Philippine Standard Time) - GET /api/v1/groups HTTP/1.1 200 878 - 4 - node
::1 - Fri May 16 2025 21:36:54 GMT+0800 (Philippine Standard Time) - GET /api/v1/groups HTTP/1.1 200 878 - 4 - node
::1 - Fri May 16 2025 21:40:15 GMT+0800 (Philippine Standard Time) - GET /api/v1/groups HTTP/1.1 200 878 - 2 - node
::1 - Fri May 16 2025 21:42:04 GMT+0800 (Philippine Standard Time) - GET /api/v1/groups HTTP/1.1 200 878 - 3 - node
::1 - Fri May 16 2025 21:44:00 GMT+0800 (Philippine Standard Time) - GET /api/v1/groups HTTP/1.1 200 878 - 4 - node
::1 - Fri May 16 2025 21:45:17 GMT+0800 (Philippine Standard Time) - GET /api/v1/groups HTTP/1.1 200 878 - 6 - node
::1 - Fri May 16 2025 21:45:53 GMT+0800 (Philippine Standard Time) - DELETE /api/v1/groups/280a26b3-be28-4ed5-b3c4-6363e001ef2b HTTP/1.1 200 16 - 4 - node
::1 - Fri May 16 2025 21:45:53 GMT+0800 (Philippine Standard Time) - GET /api/v1/groups HTTP/1.1 200 800 - 2 - node
::1 - Fri May 16 2025 21:46:12 GMT+0800 (Philippine Standard Time) - DELETE /api/v1/groups/54670f2a-3179-11f0-ac50-d345de8915cd HTTP/1.1 200 16 - 2 - node
::1 - Fri May 16 2025 21:46:12 GMT+0800 (Philippine Standard Time) - GET /api/v1/groups HTTP/1.1 200 726 - 1 - node
::1 - Fri May 16 2025 21:49:42 GMT+0800 (Philippine Standard Time) - GET /api/v1/groups HTTP/1.1 200 726 - 2 - node
::1 - Fri May 16 2025 21:50:46 GMT+0800 (Philippine Standard Time) - GET /api/v1/groups HTTP/1.1 200 726 - 2 - node
::1 - Fri May 16 2025 21:51:58 GMT+0800 (Philippine Standard Time) - GET /api/v1/groups HTTP/1.1 200 726 - 2 - node
::1 - Fri May 16 2025 21:53:10 GMT+0800 (Philippine Standard Time) - GET /api/v1/groups HTTP/1.1 200 726 - 2 - node
::1 - Fri May 16 2025 21:53:22 GMT+0800 (Philippine Standard Time) - GET /api/v1/groups HTTP/1.1 200 726 - 2 - node
::1 - Fri May 16 2025 21:55:21 GMT+0800 (Philippine Standard Time) - GET /api/v1/groups HTTP/1.1 200 726 - 2 - node
::1 - Fri May 16 2025 21:59:06 GMT+0800 (Philippine Standard Time) - GET /api/v1/groups HTTP/1.1 200 726 - 2 - node
::1 - Fri May 16 2025 22:00:28 GMT+0800 (Philippine Standard Time) - GET /api/v1/groups HTTP/1.1 200 726 - 3 - node
::1 - Fri May 16 2025 22:01:29 GMT+0800 (Philippine Standard Time) - GET /api/v1/groups HTTP/1.1 200 726 - 2 - node
::1 - Fri May 16 2025 22:03:00 GMT+0800 (Philippine Standard Time) - GET /api/v1/groups HTTP/1.1 200 726 - 1 - node
::1 - Fri May 16 2025 22:03:07 GMT+0800 (Philippine Standard Time) - GET /api/v1/groups HTTP/1.1 200 726 - 3 - PostmanRuntime/7.43.4
::1 - Fri May 16 2025 22:03:29 GMT+0800 (Philippine Standard Time) - PUT /api/v1/groups/b54781ce-8e9c-4750-8e23-2e8e84fc18b2 HTTP/1.1 200 140 - 20 - PostmanRuntime/7.43.4
::1 - Fri May 16 2025 22:04:18 GMT+0800 (Philippine Standard Time) - GET /api/v1/groups HTTP/1.1 200 724 - 2 - node
::1 - Fri May 16 2025 22:06:07 GMT+0800 (Philippine Standard Time) - GET /api/v1/groups HTTP/1.1 200 724 - 2 - node
::1 - Fri May 16 2025 22:08:52 GMT+0800 (Philippine Standard Time) - GET /api/v1/groups HTTP/1.1 200 724 - 3 - node
::1 - Fri May 16 2025 22:10:26 GMT+0800 (Philippine Standard Time) - GET /api/v1/groups HTTP/1.1 200 724 - 2 - node
::1 - Fri May 16 2025 22:11:16 GMT+0800 (Philippine Standard Time) - PUT /api/v1/groups/c5c5dd66-9b48-4b12-aefa-c25ae1c74afe HTTP/1.1 200 140 - 14 - node
::1 - Fri May 16 2025 22:11:16 GMT+0800 (Philippine Standard Time) - GET /api/v1/groups HTTP/1.1 200 723 - 2 - node
::1 - Fri May 16 2025 22:23:56 GMT+0800 (Philippine Standard Time) - GET /api/v1/groups HTTP/1.1 200 723 - 1 - node
::1 - Fri May 16 2025 22:23:58 GMT+0800 (Philippine Standard Time) - GET /api/v1/groups HTTP/1.1 200 723 - 1 - node
::1 - Fri May 16 2025 22:25:02 GMT+0800 (Philippine Standard Time) - GET /api/v1/groups HTTP/1.1 200 723 - 2 - node
::1 - Fri May 16 2025 22:25:09 GMT+0800 (Philippine Standard Time) - POST /api/v1/groups HTTP/1.1 201 62 - 12 - node
::1 - Fri May 16 2025 22:25:09 GMT+0800 (Philippine Standard Time) - GET /api/v1/groups HTTP/1.1 200 799 - 2 - node
::1 - Fri May 16 2025 22:26:29 GMT+0800 (Philippine Standard Time) - GET /api/v1/groups HTTP/1.1 200 799 - 2 - node
::1 - Fri May 16 2025 22:28:07 GMT+0800 (Philippine Standard Time) - GET /api/v1/groups HTTP/1.1 200 799 - 2 - node
::1 - Fri May 16 2025 22:29:20 GMT+0800 (Philippine Standard Time) - GET /api/v1/groups HTTP/1.1 200 799 - 6 - node
::1 - Fri May 16 2025 22:30:45 GMT+0800 (Philippine Standard Time) - GET /api/v1/groups HTTP/1.1 200 799 - 1 - node
::1 - Fri May 16 2025 22:32:35 GMT+0800 (Philippine Standard Time) - GET /api/v1/groups HTTP/1.1 200 799 - 2 - node
::1 - Fri May 16 2025 22:33:38 GMT+0800 (Philippine Standard Time) - GET /api/v1/groups HTTP/1.1 200 799 - 3 - node
::1 - Fri May 16 2025 22:34:50 GMT+0800 (Philippine Standard Time) - GET /api/v1/groups HTTP/1.1 200 799 - 2 - node
::1 - Fri May 16 2025 22:35:58 GMT+0800 (Philippine Standard Time) - POST /api/v1/groups HTTP/1.1 201 63 - 2 - node
::1 - Fri May 16 2025 22:35:58 GMT+0800 (Philippine Standard Time) - GET /api/v1/groups HTTP/1.1 200 876 - 1 - node
::1 - Fri May 16 2025 22:37:00 GMT+0800 (Philippine Standard Time) - GET /api/v1/groups HTTP/1.1 200 876 - 2 - node
